E:\VERSIONBUILD\BIN\DEBUG\X64\MICROSERVICEPLUGINS\FFEAFE48-3C6E-49D8-A85C-783167EADA00\1\PLUGIN_SERVICEMASTERTASK.DLL
E:\VersionBuild\bin\Debug\x64\MicroServicePlugins\ffeafe48-3c6e-49d8-a85c-783167eada00\1\plugin_ServiceMasterTask.exp
E:\VersionBuild\bin\Debug\x64\MicroServicePlugins\ffeafe48-3c6e-49d8-a85c-783167eada00\1\plugin_ServiceMasterTask.ilk
E:\VersionBuild\bin\Debug\x64\MicroServicePlugins\ffeafe48-3c6e-49d8-a85c-783167eada00\1\plugin_ServiceMasterTask.lib
E:\VERSIONBUILD\BIN\DEBUG\X64\MICROSERVICEPLUGINS\FFEAFE48-3C6E-49D8-A85C-783167EADA00\1\PLUGIN_SERVICEMASTERTASK.PDB
E:\VersionBuild\cache\ServiceMasterTask\Debug\cl.command.1.tlog
E:\VersionBuild\cache\ServiceMasterTask\Debug\CL.read.1.tlog
E:\VersionBuild\cache\ServiceMasterTask\Debug\CL.write.1.tlog
E:\VERSIONBUILD\CACHE\SERVICEMASTERTASK\DEBUG\COMMON.OBJ
E:\VERSIONBUILD\CACHE\SERVICEMASTERTASK\DEBUG\CREATETASK.OBJ
E:\VERSIONBUILD\CACHE\SERVICEMASTERTASK\DEBUG\DATABASE.OBJ
E:\VERSIONBUILD\CACHE\SERVICEMASTERTASK\DEBUG\DELETETASK.OBJ
E:\VERSIONBUILD\CACHE\SERVICEMASTERTASK\DEBUG\DLLMAIN.OBJ
E:\VERSIONBUILD\CACHE\SERVICEMASTERTASK\DEBUG\FINISHTASK.OBJ
E:\VERSIONBUILD\CACHE\SERVICEMASTERTASK\DEBUG\HTTPREQUESTEXCEPTION.OBJ
E:\VersionBuild\cache\ServiceMasterTask\Debug\link.14580.read.1.tlog
E:\VersionBuild\cache\ServiceMasterTask\Debug\link.14580.write.1.tlog
E:\VersionBuild\cache\ServiceMasterTask\Debug\link.14580-cvtres.read.1.tlog
E:\VersionBuild\cache\ServiceMasterTask\Debug\link.14580-cvtres.write.1.tlog
E:\VersionBuild\cache\ServiceMasterTask\Debug\link.18388.read.1.tlog
E:\VersionBuild\cache\ServiceMasterTask\Debug\link.18388.write.1.tlog
E:\VersionBuild\cache\ServiceMasterTask\Debug\link.18388-cvtres.read.1.tlog
E:\VersionBuild\cache\ServiceMasterTask\Debug\link.18388-cvtres.write.1.tlog
E:\VersionBuild\cache\ServiceMasterTask\Debug\link.3428.7288.read.1.tlog
E:\VersionBuild\cache\ServiceMasterTask\Debug\link.3428.7288.write.1.tlog
E:\VersionBuild\cache\ServiceMasterTask\Debug\link.3428.read.1.tlog
E:\VersionBuild\cache\ServiceMasterTask\Debug\link.3428.write.1.tlog
E:\VersionBuild\cache\ServiceMasterTask\Debug\link.4976.read.1.tlog
E:\VersionBuild\cache\ServiceMasterTask\Debug\link.4976.write.1.tlog
E:\VersionBuild\cache\ServiceMasterTask\Debug\link.4976-cvtres.read.1.tlog
E:\VersionBuild\cache\ServiceMasterTask\Debug\link.4976-cvtres.write.1.tlog
E:\VersionBuild\cache\ServiceMasterTask\Debug\link.5788.read.1.tlog
E:\VersionBuild\cache\ServiceMasterTask\Debug\link.5788.write.1.tlog
E:\VersionBuild\cache\ServiceMasterTask\Debug\link.5788-cvtres.read.1.tlog
E:\VersionBuild\cache\ServiceMasterTask\Debug\link.5788-cvtres.write.1.tlog
E:\VersionBuild\cache\ServiceMasterTask\Debug\link.command.1.tlog
E:\VersionBuild\cache\ServiceMasterTask\Debug\link.read.1.tlog
E:\VersionBuild\cache\ServiceMasterTask\Debug\link.write.1.tlog
E:\VersionBuild\cache\ServiceMasterTask\Debug\link-cvtres.read.1.tlog
E:\VersionBuild\cache\ServiceMasterTask\Debug\link-cvtres.write.1.tlog
E:\VERSIONBUILD\CACHE\SERVICEMASTERTASK\DEBUG\MASTERTASKSERVICE.OBJ
E:\VersionBuild\cache\ServiceMasterTask\Debug\mt.command.1.tlog
E:\VersionBuild\cache\ServiceMasterTask\Debug\mt.read.1.tlog
E:\VersionBuild\cache\ServiceMasterTask\Debug\mt.write.1.tlog
E:\VERSIONBUILD\CACHE\SERVICEMASTERTASK\DEBUG\PLUGIN.OBJ
E:\VERSIONBUILD\CACHE\SERVICEMASTERTASK\DEBUG\PLUGIN_DEPLOY.OBJ
E:\VERSIONBUILD\CACHE\SERVICEMASTERTASK\DEBUG\PLUGIN_SERVICEMASTERTASK.DLL.EMBED.MANIFEST
E:\VERSIONBUILD\CACHE\SERVICEMASTERTASK\DEBUG\PLUGIN_SERVICEMASTERTASK.DLL.EMBED.MANIFEST.RES
E:\VERSIONBUILD\CACHE\SERVICEMASTERTASK\DEBUG\PLUGIN_SERVICEMASTERTASK.DLL.INTERMEDIATE.MANIFEST
E:\VersionBuild\cache\ServiceMasterTask\Debug\plugin_ServiceMasterTask_manifest.rc
E:\VERSIONBUILD\CACHE\SERVICEMASTERTASK\DEBUG\PLUGIN_TASK.OBJ
E:\VERSIONBUILD\CACHE\SERVICEMASTERTASK\DEBUG\QUERYTASK.OBJ
E:\VersionBuild\cache\ServiceMasterTask\Debug\rc.command.1.tlog
E:\VersionBuild\cache\ServiceMasterTask\Debug\rc.read.1.tlog
E:\VersionBuild\cache\ServiceMasterTask\Debug\rc.write.1.tlog
E:\VERSIONBUILD\CACHE\SERVICEMASTERTASK\DEBUG\ROUTECALLBACKSET.OBJ
E:\VERSIONBUILD\CACHE\SERVICEMASTERTASK\DEBUG\SERVICEMASTERTASK.DLL.EMBED.MANIFEST
E:\VERSIONBUILD\CACHE\SERVICEMASTERTASK\DEBUG\SERVICEMASTERTASK.DLL.EMBED.MANIFEST.RES
E:\VersionBuild\cache\ServiceMasterTask\Debug\ServiceMasterTask.dll.intermediate.manifest
E:\VERSIONBUILD\CACHE\SERVICEMASTERTASK\DEBUG\SERVICEMASTERTASK.OBJ
E:\VERSIONBUILD\CACHE\SERVICEMASTERTASK\DEBUG\SERVICEMASTERTASK.PCH
E:\VersionBuild\cache\ServiceMasterTask\Debug\ServiceMasterTask.write.1.tlog
E:\VersionBuild\cache\ServiceMasterTask\Debug\ServiceMasterTask_manifest.rc
E:\VERSIONBUILD\CACHE\SERVICEMASTERTASK\DEBUG\STDAFX.OBJ
E:\VERSIONBUILD\CACHE\SERVICEMASTERTASK\DEBUG\SYSTEMCONFIG.OBJ
E:\VERSIONBUILD\CACHE\SERVICEMASTERTASK\DEBUG\TASK_INSTANCE.OBJ
E:\VersionBuild\cache\ServiceMasterTask\Debug\vc100.idb
E:\VERSIONBUILD\CACHE\SERVICEMASTERTASK\DEBUG\VC100.PDB
