LINK : warning LNK4075: 忽略“/INCREMENTAL”(由于“/FORCE”规范)
BuildRule.obj : warning LNK4006: "public: static char const * * DB::BuildRuleData::names" (?names@BuildRuleData@DB@@2PAPEBDA) 已在 RepertoryController.obj 中定义；已忽略第二个定义
BuildRule.obj : warning LNK4006: "private: static char const * const DB::BuildRuleData::table_" (?table_@BuildRuleData@DB@@0PEBDEB) 已在 RepertoryController.obj 中定义；已忽略第二个定义
Buildrule_Storage.obj : warning LNK4006: "public: static char const * * DB::Buildrule_StorageData::names" (?names@Buildrule_StorageData@DB@@2PAPEBDA) 已在 RepertoryController.obj 中定义；已忽略第二个定义
Buildrule_Storage.obj : warning LNK4006: "private: static char const * const DB::Buildrule_StorageData::table_" (?table_@Buildrule_StorageData@DB@@0PEBDEB) 已在 RepertoryController.obj 中定义；已忽略第二个定义
Repertory.obj : warning LNK4006: "public: static char const * * DB::RepertoryData::names" (?names@RepertoryData@DB@@2PAPEBDA) 已在 RepertoryController.obj 中定义；已忽略第二个定义
Repertory.obj : warning LNK4006: "private: static char const * const DB::RepertoryData::table_" (?table_@RepertoryData@DB@@0PEBDEB) 已在 RepertoryController.obj 中定义；已忽略第二个定义
Repertory_Buildrule.obj : warning LNK4006: "public: static char const * * DB::Repertory_BuildruleData::names" (?names@Repertory_BuildruleData@DB@@2PAPEBDA) 已在 RepertoryController.obj 中定义；已忽略第二个定义
Repertory_Buildrule.obj : warning LNK4006: "private: static char const * const DB::Repertory_BuildruleData::table_" (?table_@Repertory_BuildruleData@DB@@0PEBDEB) 已在 RepertoryController.obj 中定义；已忽略第二个定义
Storage.obj : warning LNK4006: "public: static char const * * DB::StorageData::names" (?names@StorageData@DB@@2PAPEBDA) 已在 FileController.obj 中定义；已忽略第二个定义
Storage.obj : warning LNK4006: "private: static char const * const DB::StorageData::table_" (?table_@StorageData@DB@@0PEBDEB) 已在 FileController.obj 中定义；已忽略第二个定义
LINK : warning LNK4098: 默认库“LIBCMT”与其他库的使用冲突；请使用 /NODEFAULTLIB:library
Common.obj : error LNK2019: 无法解析的外部符号 "__declspec(dllimport) public: __cdecl QObject::QObject(class QObject *)" (__imp_??0QObject@@QEAA@PEAV0@@Z)，该符号在函数 "public: __cdecl Common::Common(void)" (??0Common@@QEAA@XZ) 中被引用
Common.obj : error LNK2001: 无法解析的外部符号 "public: virtual struct QMetaObject const * __cdecl Common::metaObject(void)const " (?metaObject@Common@@UEBAPEBUQMetaObject@@XZ)
Common.obj : error LNK2001: 无法解析的外部符号 "public: virtual void * __cdecl Common::qt_metacast(char const *)" (?qt_metacast@Common@@UEAAPEAXPEBD@Z)
Common.obj : error LNK2001: 无法解析的外部符号 "public: virtual int __cdecl Common::qt_metacall(enum QMetaObject::Call,int,void * *)" (?qt_metacall@Common@@UEAAHW4Call@QMetaObject@@HPEAPEAX@Z)
Common.obj : error LNK2001: 无法解析的外部符号 "public: virtual bool __cdecl QObject::event(class QEvent *)" (?event@QObject@@UEAA_NPEAVQEvent@@@Z)
Common.obj : error LNK2001: 无法解析的外部符号 "public: virtual bool __cdecl QObject::eventFilter(class QObject *,class QEvent *)" (?eventFilter@QObject@@UEAA_NPEAV1@PEAVQEvent@@@Z)
Common.obj : error LNK2001: 无法解析的外部符号 "protected: virtual void __cdecl QObject::timerEvent(class QTimerEvent *)" (?timerEvent@QObject@@MEAAXPEAVQTimerEvent@@@Z)
Common.obj : error LNK2001: 无法解析的外部符号 "protected: virtual void __cdecl QObject::childEvent(class QChildEvent *)" (?childEvent@QObject@@MEAAXPEAVQChildEvent@@@Z)
Common.obj : error LNK2001: 无法解析的外部符号 "protected: virtual void __cdecl QObject::customEvent(class QEvent *)" (?customEvent@QObject@@MEAAXPEAVQEvent@@@Z)
Common.obj : error LNK2001: 无法解析的外部符号 "protected: virtual void __cdecl QObject::connectNotify(class QMetaMethod const &)" (?connectNotify@QObject@@MEAAXAEBVQMetaMethod@@@Z)
Common.obj : error LNK2001: 无法解析的外部符号 "protected: virtual void __cdecl QObject::disconnectNotify(class QMetaMethod const &)" (?disconnectNotify@QObject@@MEAAXAEBVQMetaMethod@@@Z)
Common.obj : error LNK2019: 无法解析的外部符号 "__declspec(dllimport) public: virtual __cdecl QObject::~QObject(void)" (__imp_??1QObject@@UEAA@XZ)，该符号在函数 "public: virtual __cdecl Common::~Common(void)" (??1Common@@UEAA@XZ) 中被引用
Common.obj : error LNK2019: 无法解析的外部符号 "__declspec(dllimport) public: __cdecl QString::~QString(void)" (__imp_??1QString@@QEAA@XZ)，该符号在函数 "public: static class QString __cdecl Common::gb18030_utf8(class QString const &)" (?gb18030_utf8@Common@@SA?AVQString@@AEBV2@@Z) 中被引用
Common.obj : error LNK2019: 无法解析的外部符号 "__declspec(dllimport) public: __cdecl QString::QString(class QString &&)" (__imp_??0QString@@QEAA@$$QEAV0@@Z)，该符号在函数 "public: static class QString __cdecl Common::gb18030_utf8(class QString const &)" (?gb18030_utf8@Common@@SA?AVQString@@AEBV2@@Z) 中被引用
Common.obj : error LNK2019: 无法解析的外部符号 "__declspec(dllimport) public: __cdecl QByteArray::~QByteArray(void)" (__imp_??1QByteArray@@QEAA@XZ)，该符号在函数 "public: static class QString __cdecl Common::gb18030_utf8(class QString const &)" (?gb18030_utf8@Common@@SA?AVQString@@AEBV2@@Z) 中被引用
Common.obj : error LNK2019: 无法解析的外部符号 "__declspec(dllimport) public: class QString __cdecl QTextCodec::toUnicode(class QByteArray const &)const " (__imp_?toUnicode@QTextCodec@@QEBA?AVQString@@AEBVQByteArray@@@Z)，该符号在函数 "public: static class QString __cdecl Common::gb18030_utf8(class QString const &)" (?gb18030_utf8@Common@@SA?AVQString@@AEBV2@@Z) 中被引用
Common.obj : error LNK2019: 无法解析的外部符号 "__declspec(dllimport) public: class QByteArray __cdecl QTextCodec::fromUnicode(class QString const &)const " (__imp_?fromUnicode@QTextCodec@@QEBA?AVQByteArray@@AEBVQString@@@Z)，该符号在函数 "public: static class QString __cdecl Common::gb18030_utf8(class QString const &)" (?gb18030_utf8@Common@@SA?AVQString@@AEBV2@@Z) 中被引用
Common.obj : error LNK2019: 无法解析的外部符号 "__declspec(dllimport) public: static class QTextCodec * __cdecl QTextCodec::codecForName(char const *)" (__imp_?codecForName@QTextCodec@@SAPEAV1@PEBD@Z)，该符号在函数 "public: static class QString __cdecl Common::gb18030_utf8(class QString const &)" (?gb18030_utf8@Common@@SA?AVQString@@AEBV2@@Z) 中被引用
FileController.obj : error LNK2019: 无法解析的外部符号 "int __cdecl g2u(char const *,unsigned __int64,char *,unsigned __int64)" (?g2u@@YAHPEBD_KPEAD1@Z)，该符号在函数 "public: void __cdecl FileController::vb_upload(struct evhttp_request *)" (?vb_upload@FileController@@QEAAXPEAUevhttp_request@@@Z) 中被引用
FileController.obj : error LNK2019: 无法解析的外部符号 "class std::basic_string<char,struct std::char_traits<char>,class std::allocator<char> > __cdecl getGUID(void)" (?getGUID@@YA?AV?$basic_string@DU?$char_traits@D@std@@V?$allocator@D@2@@std@@XZ)，该符号在函数 "public: void __cdecl FileController::vb_upload(struct evhttp_request *)" (?vb_upload@FileController@@QEAAXPEAUevhttp_request@@@Z) 中被引用
RepertoryController.obj : error LNK2001: 无法解析的外部符号 "class std::basic_string<char,struct std::char_traits<char>,class std::allocator<char> > __cdecl getGUID(void)" (?getGUID@@YA?AV?$basic_string@DU?$char_traits@D@std@@V?$allocator@D@2@@std@@XZ)
FileController.obj : error LNK2019: 无法解析的外部符号 "unsigned __int64 __cdecl Base64_Decode(char *,char const *,unsigned __int64)" (?Base64_Decode@@YA_KPEADPEBD_K@Z)，该符号在函数 "public: void __cdecl FileController::vb_upload(struct evhttp_request *)" (?vb_upload@FileController@@QEAAXPEAUevhttp_request@@@Z) 中被引用
FileController.obj : error LNK2019: 无法解析的外部符号 "int __cdecl u2g(char const *,int,char *,int)" (?u2g@@YAHPEBDHPEADH@Z)，该符号在函数 "public: void __cdecl FileController::vb_upload(struct evhttp_request *)" (?vb_upload@FileController@@QEAAXPEAUevhttp_request@@@Z) 中被引用
VBController.obj : error LNK2019: 无法解析的外部符号 "void __cdecl split(class std::basic_string<char,struct std::char_traits<char>,class std::allocator<char> > &,char const *,class std::vector<class std::basic_string<char,struct std::char_traits<char>,class std::allocator<char> >,class std::allocator<class std::basic_string<char,struct std::char_traits<char>,class std::allocator<char> > > > &)" (?split@@YAXAEAV?$basic_string@DU?$char_traits@D@std@@V?$allocator@D@2@@std@@PEBDAEAV?$vector@V?$basic_string@DU?$char_traits@D@std@@V?$allocator@D@2@@std@@V?$allocator@V?$basic_string@DU?$char_traits@D@std@@V?$allocator@D@2@@std@@@2@@2@@Z)，该符号在函数 "public: static bool __cdecl VBController::call_function(class std::basic_string<char,struct std::char_traits<char>,class std::allocator<char> >,struct evhttp_request *)" (?call_function@VBController@@SA_NV?$basic_string@DU?$char_traits@D@std@@V?$allocator@D@2@@std@@PEAUevhttp_request@@@Z) 中被引用
VersionBuildServer.obj : error LNK2019: 无法解析的外部符号 "void __cdecl clear_socket_environment(void)" (?clear_socket_environment@@YAXXZ)，该符号在函数 main 中被引用
VersionBuildServer.obj : error LNK2019: 无法解析的外部符号 "int __cdecl initialize_socket_environment(void)" (?initialize_socket_environment@@YAHXZ)，该符号在函数 main 中被引用
E:\VersionBuild\bin\Debug\x64\VersionBuildServer.exe : fatal error LNK1120: 25 个无法解析的外部命令
