  Moc'ing versionbuild.h...
  Rcc'ing versionbuild.qrc...
  Moc'ing dlgcreatepackagenamerule.h...
  Moc'ing http.h...
  Moc'ing dlgcreatebuildrule.h...
  Moc'ing servicelistener.h...
  Moc'ing dlgcreategit.h...
  Moc'ing dlgresourceselector.h...
  Moc'ing dlgcreateproduct.h...
  Moc'ing gittab.h...
  Moc'ing productstab.h...
  Moc'ing buttondelegate.h...
  buttondelegate.cpp
  DB.cpp
  dlgcreatebuildrule.cpp
  dlgcreategit.cpp
  dlgcreatepackagenamerule.cpp
  dlgcreateproduct.cpp
  dlgresourceselector.cpp
  moc_buttondelegate.cpp
  moc_dlgcreatebuildrule.cpp
  moc_dlgcreategit.cpp
  moc_dlgcreatepackagenamerule.cpp
  moc_dlgcreateproduct.cpp
  moc_dlgresourceselector.cpp
  moc_gittab.cpp
  moc_http.cpp
  moc_productstab.cpp
  moc_servicelistener.cpp
  moc_versionbuild.cpp
  gittab.cpp
  http.cpp
  main.cpp
  productstab.cpp
  servicelistener.cpp
  versionbuild.cpp
  qrc_versionbuild.cpp
  VersionBuild.vcxproj -> E:\VersionBuild\bin\Debug\x64\VersionBuild.exe
