E:\VERSIONBUILD\BIN\DEBUG\X64\MICROTASKPLUGINS\7D11F0F8-AB96-4532-B5A7-4B8D9191E436\1\PLUGIN_TASKBUILD.DLL
E:\VersionBuild\bin\Debug\x64\MicroTaskPlugins\7d11f0f8-ab96-4532-b5a7-4b8d9191e436\1\plugin_TaskBuild.exp
E:\VERSIONBUILD\BIN\DEBUG\X64\MICROTASKPLUGINS\7D11F0F8-AB96-4532-B5A7-4B8D9191E436\1\PLUGIN_TASKBUILD.ILK
E:\VersionBuild\bin\Debug\x64\MicroTaskPlugins\7d11f0f8-ab96-4532-b5a7-4b8d9191e436\1\plugin_TaskBuild.lib
E:\VERSIONBUILD\BIN\DEBUG\X64\MICROTASKPLUGINS\7D11F0F8-AB96-4532-B5A7-4B8D9191E436\1\PLUGIN_TASKBUILD.PDB
E:\VERSIONBUILD\BIN\DEBUG\X64\MICROTASKPLUGINS\TASKBUILD.DLL
E:\VersionBuild\bin\Debug\x64\MicroTaskPlugins\TaskBuild.exp
E:\VERSIONBUILD\BIN\DEBUG\X64\MICROTASKPLUGINS\TASKBUILD.ILK
E:\VersionBuild\bin\Debug\x64\MicroTaskPlugins\TaskBuild.lib
E:\VERSIONBUILD\BIN\DEBUG\X64\MICROTASKPLUGINS\TASKBUILD.PDB
E:\VERSIONBUILD\CACHE\TASKBUILD\DEBUG\BUILD.OBJ
E:\VersionBuild\cache\TaskBuild\Debug\cl.command.1.tlog
E:\VersionBuild\cache\TaskBuild\Debug\CL.read.1.tlog
E:\VersionBuild\cache\TaskBuild\Debug\CL.write.1.tlog
E:\VERSIONBUILD\CACHE\TASKBUILD\DEBUG\DEPLOY.OBJ
E:\VERSIONBUILD\CACHE\TASKBUILD\DEBUG\DLLMAIN.OBJ
E:\VersionBuild\cache\TaskBuild\Debug\link.1300.read.1.tlog
E:\VersionBuild\cache\TaskBuild\Debug\link.1300.write.1.tlog
E:\VersionBuild\cache\TaskBuild\Debug\link.1300-cvtres.read.1.tlog
E:\VersionBuild\cache\TaskBuild\Debug\link.1300-cvtres.write.1.tlog
E:\VersionBuild\cache\TaskBuild\Debug\link.5784.read.1.tlog
E:\VersionBuild\cache\TaskBuild\Debug\link.5784.write.1.tlog
E:\VersionBuild\cache\TaskBuild\Debug\link.5784-cvtres.read.1.tlog
E:\VersionBuild\cache\TaskBuild\Debug\link.5784-cvtres.write.1.tlog
E:\VersionBuild\cache\TaskBuild\Debug\link.9688.read.1.tlog
E:\VersionBuild\cache\TaskBuild\Debug\link.9688.write.1.tlog
E:\VersionBuild\cache\TaskBuild\Debug\link.9688-cvtres.read.1.tlog
E:\VersionBuild\cache\TaskBuild\Debug\link.9688-cvtres.write.1.tlog
E:\VersionBuild\cache\TaskBuild\Debug\link.command.1.tlog
E:\VersionBuild\cache\TaskBuild\Debug\link.read.1.tlog
E:\VersionBuild\cache\TaskBuild\Debug\link.write.1.tlog
E:\VersionBuild\cache\TaskBuild\Debug\link-cvtres.read.1.tlog
E:\VersionBuild\cache\TaskBuild\Debug\link-cvtres.write.1.tlog
E:\VersionBuild\cache\TaskBuild\Debug\mt.command.1.tlog
E:\VersionBuild\cache\TaskBuild\Debug\mt.read.1.tlog
E:\VersionBuild\cache\TaskBuild\Debug\mt.write.1.tlog
E:\VERSIONBUILD\CACHE\TASKBUILD\DEBUG\PLUGIN_TASKBUILD.DLL.EMBED.MANIFEST
E:\VERSIONBUILD\CACHE\TASKBUILD\DEBUG\PLUGIN_TASKBUILD.DLL.EMBED.MANIFEST.RES
E:\VERSIONBUILD\CACHE\TASKBUILD\DEBUG\PLUGIN_TASKBUILD.DLL.INTERMEDIATE.MANIFEST
E:\VersionBuild\cache\TaskBuild\Debug\plugin_TaskBuild_manifest.rc
E:\VersionBuild\cache\TaskBuild\Debug\rc.command.1.tlog
E:\VersionBuild\cache\TaskBuild\Debug\rc.read.1.tlog
E:\VersionBuild\cache\TaskBuild\Debug\rc.write.1.tlog
E:\VERSIONBUILD\CACHE\TASKBUILD\DEBUG\ROUTECALLBACKSET.OBJ
E:\VERSIONBUILD\CACHE\TASKBUILD\DEBUG\STDAFX.OBJ
E:\VERSIONBUILD\CACHE\TASKBUILD\DEBUG\TASKBUILD.DLL.EMBED.MANIFEST
E:\VERSIONBUILD\CACHE\TASKBUILD\DEBUG\TASKBUILD.DLL.EMBED.MANIFEST.RES
E:\VERSIONBUILD\CACHE\TASKBUILD\DEBUG\TASKBUILD.DLL.INTERMEDIATE.MANIFEST
E:\VERSIONBUILD\CACHE\TASKBUILD\DEBUG\TASKBUILD.OBJ
E:\VersionBuild\cache\TaskBuild\Debug\TaskBuild.write.1.tlog
E:\VersionBuild\cache\TaskBuild\Debug\TaskBuild_manifest.rc
E:\VersionBuild\cache\TaskBuild\Debug\vc100.idb
E:\VERSIONBUILD\CACHE\TASKBUILD\DEBUG\VC100.PDB
