E:\VERSIONBUILD\BIN\DEBUG\X64\MICROSERVICEPLUGINS\9F9C1098-A202-4D32-AB82-A960631DB67C\1\PLUGIN_SERVICEHOST.DLL
E:\VersionBuild\bin\Debug\x64\MicroServicePlugins\9f9c1098-a202-4d32-ab82-a960631db67c\1\plugin_ServiceHost.exp
E:\VersionBuild\bin\Debug\x64\MicroServicePlugins\9f9c1098-a202-4d32-ab82-a960631db67c\1\plugin_ServiceHost.lib
E:\VERSIONBUILD\BIN\DEBUG\X64\MICROSERVICEPLUGINS\9F9C1098-A202-4D32-AB82-A960631DB67C\1\PLUGIN_SERVICEHOST.PDB
E:\VersionBuild\cache\ServiceHost\Debug\cl.command.1.tlog
E:\VersionBuild\cache\ServiceHost\Debug\CL.read.1.tlog
E:\VersionBuild\cache\ServiceHost\Debug\CL.write.1.tlog
E:\VERSIONBUILD\CACHE\SERVICEHOST\DEBUG\COMMON.OBJ
E:\VERSIONBUILD\CACHE\SERVICEHOST\DEBUG\CREATEEXECUTABLEROLEDEPLOYMENTINFORMATION.OBJ
E:\VERSIONBUILD\CACHE\SERVICEHOST\DEBUG\CREATEHOST.OBJ
E:\VERSIONBUILD\CACHE\SERVICEHOST\DEBUG\DATABASE.OBJ
E:\VERSIONBUILD\CACHE\SERVICEHOST\DEBUG\DELETEEXECUTABLEROLEDEPLOYMENTINFORMATION.OBJ
E:\VERSIONBUILD\CACHE\SERVICEHOST\DEBUG\DELETEHOST.OBJ
E:\VERSIONBUILD\CACHE\SERVICEHOST\DEBUG\DLLMAIN.OBJ
E:\VERSIONBUILD\CACHE\SERVICEHOST\DEBUG\EXECUTABLE_ROLE.OBJ
E:\VERSIONBUILD\CACHE\SERVICEHOST\DEBUG\EXECUTABLE_ROLE_DEPLOY.OBJ
E:\VERSIONBUILD\CACHE\SERVICEHOST\DEBUG\HOST.OBJ
E:\VERSIONBUILD\CACHE\SERVICEHOST\DEBUG\HTTPREQUESTEXCEPTION.OBJ
E:\VersionBuild\cache\ServiceHost\Debug\link.13468.read.1.tlog
E:\VersionBuild\cache\ServiceHost\Debug\link.13468.write.1.tlog
E:\VersionBuild\cache\ServiceHost\Debug\link.13468-cvtres.read.1.tlog
E:\VersionBuild\cache\ServiceHost\Debug\link.13468-cvtres.write.1.tlog
E:\VersionBuild\cache\ServiceHost\Debug\link.9392.read.1.tlog
E:\VersionBuild\cache\ServiceHost\Debug\link.9392.write.1.tlog
E:\VersionBuild\cache\ServiceHost\Debug\link.9392-cvtres.read.1.tlog
E:\VersionBuild\cache\ServiceHost\Debug\link.9392-cvtres.write.1.tlog
E:\VersionBuild\cache\ServiceHost\Debug\link.command.1.tlog
E:\VersionBuild\cache\ServiceHost\Debug\link.read.1.tlog
E:\VersionBuild\cache\ServiceHost\Debug\link.write.1.tlog
E:\VERSIONBUILD\CACHE\SERVICEHOST\DEBUG\MODIFYEXECUTABLEROLEDEPLOYMENTINFORMATION.OBJ
E:\VERSIONBUILD\CACHE\SERVICEHOST\DEBUG\MODIFYHOST.OBJ
E:\VersionBuild\cache\ServiceHost\Debug\mt.command.1.tlog
E:\VersionBuild\cache\ServiceHost\Debug\mt.read.1.tlog
E:\VersionBuild\cache\ServiceHost\Debug\mt.write.1.tlog
E:\VERSIONBUILD\CACHE\SERVICEHOST\DEBUG\PLUGIN_SERVICEHOST.DLL.EMBED.MANIFEST
E:\VERSIONBUILD\CACHE\SERVICEHOST\DEBUG\PLUGIN_SERVICEHOST.DLL.EMBED.MANIFEST.RES
E:\VERSIONBUILD\CACHE\SERVICEHOST\DEBUG\PLUGIN_SERVICEHOST.DLL.INTERMEDIATE.MANIFEST
E:\VERSIONBUILD\CACHE\SERVICEHOST\DEBUG\PLUGIN_SERVICEHOST.PCH
E:\VersionBuild\cache\ServiceHost\Debug\plugin_ServiceHost_manifest.rc
E:\VERSIONBUILD\CACHE\SERVICEHOST\DEBUG\QUERYEXECUTABLEROLE.OBJ
E:\VERSIONBUILD\CACHE\SERVICEHOST\DEBUG\QUERYEXECUTABLEROLEDEPLOYMENTINFORMATION.OBJ
E:\VERSIONBUILD\CACHE\SERVICEHOST\DEBUG\QUERYHOST.OBJ
E:\VersionBuild\cache\ServiceHost\Debug\rc.command.1.tlog
E:\VersionBuild\cache\ServiceHost\Debug\rc.read.1.tlog
E:\VersionBuild\cache\ServiceHost\Debug\rc.write.1.tlog
E:\VERSIONBUILD\CACHE\SERVICEHOST\DEBUG\ROUTECALLBACKSET.OBJ
E:\VERSIONBUILD\CACHE\SERVICEHOST\DEBUG\SERVICEHOST.OBJ
E:\VersionBuild\cache\ServiceHost\Debug\ServiceHost.write.1.tlog
E:\VERSIONBUILD\CACHE\SERVICEHOST\DEBUG\STDAFX.OBJ
E:\VERSIONBUILD\CACHE\SERVICEHOST\DEBUG\SYSTEMCONFIG.OBJ
E:\VersionBuild\cache\ServiceHost\Debug\vc100.idb
E:\VERSIONBUILD\CACHE\SERVICEHOST\DEBUG\VC100.PDB
