E:\VERSIONBUILD\BIN\DEBUG\X64\HELPER.DLL
E:\VersionBuild\bin\Debug\x64\Helper.exp
E:\VERSIONBUILD\BIN\DEBUG\X64\HELPER.ILK
E:\VersionBuild\bin\Debug\x64\Helper.lib
E:\VERSIONBUILD\BIN\DEBUG\X64\HELPER.PDB
E:\VersionBuild\cache\Helper\Debug\cl.command.1.tlog
E:\VersionBuild\cache\Helper\Debug\CL.read.1.tlog
E:\VersionBuild\cache\Helper\Debug\CL.write.1.tlog
E:\VERSIONBUILD\CACHE\HELPER\DEBUG\COMMON.OBJ
E:\VERSIONBUILD\CACHE\HELPER\DEBUG\DLLMAIN.OBJ
E:\VERSIONBUILD\CACHE\HELPER\DEBUG\HELPER.DLL.EMBED.MANIFEST
E:\VERSIONBUILD\CACHE\HELPER\DEBUG\HELPER.DLL.EMBED.MANIFEST.RES
E:\VERSIONBUILD\CACHE\HELPER\DEBUG\HELPER.DLL.INTERMEDIATE.MANIFEST
E:\VERSIONBUILD\CACHE\HELPER\DEBUG\HELPER.OBJ
E:\VERSIONBUILD\CACHE\HELPER\DEBUG\HELPER.PCH
E:\VersionBuild\cache\Helper\Debug\Helper.write.1.tlog
E:\VersionBuild\cache\Helper\Debug\Helper_manifest.rc
E:\VERSIONBUILD\CACHE\HELPER\DEBUG\HTTP.OBJ
E:\VersionBuild\cache\Helper\Debug\link.12156.read.1.tlog
E:\VersionBuild\cache\Helper\Debug\link.12156.write.1.tlog
E:\VersionBuild\cache\Helper\Debug\link.12156-cvtres.read.1.tlog
E:\VersionBuild\cache\Helper\Debug\link.12156-cvtres.write.1.tlog
E:\VersionBuild\cache\Helper\Debug\link.2700.read.1.tlog
E:\VersionBuild\cache\Helper\Debug\link.2700.write.1.tlog
E:\VersionBuild\cache\Helper\Debug\link.2700-cvtres.read.1.tlog
E:\VersionBuild\cache\Helper\Debug\link.2700-cvtres.write.1.tlog
E:\VersionBuild\cache\Helper\Debug\link.command.1.tlog
E:\VersionBuild\cache\Helper\Debug\link.read.1.tlog
E:\VersionBuild\cache\Helper\Debug\link.write.1.tlog
E:\VersionBuild\cache\Helper\Debug\mt.command.1.tlog
E:\VersionBuild\cache\Helper\Debug\mt.read.1.tlog
E:\VersionBuild\cache\Helper\Debug\mt.write.1.tlog
E:\VersionBuild\cache\Helper\Debug\rc.command.1.tlog
E:\VersionBuild\cache\Helper\Debug\rc.read.1.tlog
E:\VersionBuild\cache\Helper\Debug\rc.write.1.tlog
E:\VERSIONBUILD\CACHE\HELPER\DEBUG\STDAFX.OBJ
E:\VERSIONBUILD\CACHE\HELPER\DEBUG\SYSTEMCONFIG.OBJ
E:\VersionBuild\cache\Helper\Debug\vc100.idb
E:\VERSIONBUILD\CACHE\HELPER\DEBUG\VC100.PDB
