  Helper.cpp
  Generating Code...
  Compiling...
  Http.cpp
Http.cpp(89): warning C4244: “参数”: 从“__int64”转换到“long”，可能丢失数据
Http.cpp(114): warning C4018: “<”: 有符号/无符号不匹配
  Generating Code...
  libIconv.lib(iconv.obj) : 找到 MSIL .netmodule 或使用 /GL 编译的模块；正在使用 /LTCG 重新启动链接；将 /LTCG 添加到链接命令行以改进链接器性能
LINK : warning LNK4075: 忽略“/INCREMENTAL”(由于“/LTCG”规范)
     正在创建库 E:\VersionBuild\bin\Debug\x64\Helper.lib 和对象 E:\VersionBuild\bin\Debug\x64\Helper.exp
LINK : warning LNK4098: 默认库“LIBCMT”与其他库的使用冲突；请使用 /NODEFAULTLIB:library
LINK : warning LNK4098: 默认库“MSVCRT”与其他库的使用冲突；请使用 /NODEFAULTLIB:library
  正在生成代码
  已完成代码的生成
  Helper.vcxproj -> E:\VersionBuild\bin\Debug\x64\Helper.dll
  libIconv.lib(iconv.obj) : 找到 MSIL .netmodule 或使用 /GL 编译的模块；正在使用 /LTCG 重新启动链接；将 /LTCG 添加到链接命令行以改进链接器性能
LINK : warning LNK4075: 忽略“/INCREMENTAL”(由于“/LTCG”规范)
     正在创建库 E:\VersionBuild\bin\Debug\x64\Helper.lib 和对象 E:\VersionBuild\bin\Debug\x64\Helper.exp
LINK : warning LNK4098: 默认库“LIBCMT”与其他库的使用冲突；请使用 /NODEFAULTLIB:library
LINK : warning LNK4098: 默认库“MSVCRT”与其他库的使用冲突；请使用 /NODEFAULTLIB:library
  正在生成代码
  已完成代码的生成
  Helper.vcxproj -> E:\VersionBuild\bin\Debug\x64\Helper.dll
