E:\VersionBuild\cache\VersionBuildServer\Debug\BuildResult.obj
E:\VersionBuild\cache\VersionBuildServer\Debug\BuildResultController.obj
E:\VersionBuild\cache\VersionBuildServer\Debug\BuildRule.obj
E:\VersionBuild\cache\VersionBuildServer\Debug\BuildRule_Depend.obj
E:\VersionBuild\cache\VersionBuildServer\Debug\BuildRule_Deploy.obj
E:\VERSIONBUILD\CACHE\VERSIONBUILDSERVER\DEBUG\BUILDRULEBUILD.OBJ
E:\VersionBuild\cache\VersionBuildServer\Debug\BuildRuleBusiness.obj
E:\VersionBuild\cache\VersionBuildServer\Debug\BuildRuleController.obj
E:\VersionBuild\cache\VersionBuildServer\Debug\BuildRuleDependController.obj
E:\VersionBuild\cache\VersionBuildServer\Debug\BuildRuleDeployController.obj
E:\VersionBuild\cache\VersionBuildServer\Debug\BuildRuleQuery.obj
E:\VersionBuild\cache\VersionBuildServer\Debug\Business.obj
E:\VersionBuild\cache\VersionBuildServer\Debug\CL.13932.read.1.tlog
E:\VersionBuild\cache\VersionBuildServer\Debug\CL.13932.write.1.tlog
E:\VersionBuild\cache\VersionBuildServer\Debug\CL.16420.read.1.tlog
E:\VersionBuild\cache\VersionBuildServer\Debug\CL.16420.write.1.tlog
E:\VersionBuild\cache\VersionBuildServer\Debug\CL.1660.read.1.tlog
E:\VersionBuild\cache\VersionBuildServer\Debug\CL.1660.write.1.tlog
E:\VersionBuild\cache\VersionBuildServer\Debug\CL.17932.read.1.tlog
E:\VersionBuild\cache\VersionBuildServer\Debug\CL.17932.write.1.tlog
E:\VersionBuild\cache\VersionBuildServer\Debug\CL.18472.read.1.tlog
E:\VersionBuild\cache\VersionBuildServer\Debug\CL.18472.write.1.tlog
E:\VersionBuild\cache\VersionBuildServer\Debug\CL.22292.read.1.tlog
E:\VersionBuild\cache\VersionBuildServer\Debug\CL.22292.write.1.tlog
E:\VersionBuild\cache\VersionBuildServer\Debug\CL.22464.read.1.tlog
E:\VersionBuild\cache\VersionBuildServer\Debug\CL.22464.write.1.tlog
E:\VersionBuild\cache\VersionBuildServer\Debug\CL.8940.read.1.tlog
E:\VersionBuild\cache\VersionBuildServer\Debug\CL.8940.write.1.tlog
E:\VersionBuild\cache\VersionBuildServer\Debug\cl.command.1.tlog
E:\VersionBuild\cache\VersionBuildServer\Debug\CL.read.1.tlog
E:\VersionBuild\cache\VersionBuildServer\Debug\cl.write.1.tlog
E:\VersionBuild\cache\VersionBuildServer\Debug\Common.obj
E:\VersionBuild\cache\VersionBuildServer\Debug\CompressionPackageController.obj
E:\VersionBuild\cache\VersionBuildServer\Debug\Controller.obj
E:\VersionBuild\cache\VersionBuildServer\Debug\Database.obj
E:\VersionBuild\cache\VersionBuildServer\Debug\HostController.obj
E:\VersionBuild\cache\VersionBuildServer\Debug\HttpClient.obj
E:\VersionBuild\cache\VersionBuildServer\Debug\HttpRequestException.obj
E:\VersionBuild\cache\VersionBuildServer\Debug\link.10212.read.1.tlog
E:\VersionBuild\cache\VersionBuildServer\Debug\link.10212.write.1.tlog
E:\VersionBuild\cache\VersionBuildServer\Debug\link.17928.read.1.tlog
E:\VersionBuild\cache\VersionBuildServer\Debug\link.17928.write.1.tlog
E:\VersionBuild\cache\VersionBuildServer\Debug\link.4440.read.1.tlog
E:\VersionBuild\cache\VersionBuildServer\Debug\link.4440.write.1.tlog
E:\VersionBuild\cache\VersionBuildServer\Debug\link.command.1.tlog
E:\VersionBuild\cache\VersionBuildServer\Debug\link.read.1.tlog
E:\VersionBuild\cache\VersionBuildServer\Debug\link.write.1.tlog
E:\VersionBuild\cache\VersionBuildServer\Debug\ProductController.obj
E:\VersionBuild\cache\VersionBuildServer\Debug\rc.command.1.tlog
E:\VersionBuild\cache\VersionBuildServer\Debug\rc.read.1.tlog
E:\VersionBuild\cache\VersionBuildServer\Debug\rc.write.1.tlog
E:\VersionBuild\cache\VersionBuildServer\Debug\RepertoryBusiness.obj
E:\VersionBuild\cache\VersionBuildServer\Debug\Resource.obj
E:\VersionBuild\cache\VersionBuildServer\Debug\Resource_CompressionPackage.obj
E:\VersionBuild\cache\VersionBuildServer\Debug\Resource_Document.obj
E:\VersionBuild\cache\VersionBuildServer\Debug\Resource_Host.obj
E:\VersionBuild\cache\VersionBuildServer\Debug\Resource_SourceCode.obj
E:\VersionBuild\cache\VersionBuildServer\Debug\ServerController.obj
E:\VersionBuild\cache\VersionBuildServer\Debug\SoftwarePackageController.obj
E:\VersionBuild\cache\VersionBuildServer\Debug\SourceCodeBusiness.obj
E:\VersionBuild\cache\VersionBuildServer\Debug\SourceCodeController.obj
E:\VersionBuild\cache\VersionBuildServer\Debug\SourceCodeCreate.obj
E:\VersionBuild\cache\VersionBuildServer\Debug\SourceCodeDelete.obj
E:\VersionBuild\cache\VersionBuildServer\Debug\SourceCodeModify.obj
E:\VersionBuild\cache\VersionBuildServer\Debug\SourceCodeQuery.obj
E:\VersionBuild\cache\VersionBuildServer\Debug\Storage.obj
E:\VersionBuild\cache\VersionBuildServer\Debug\StorageBusiness.obj
E:\VersionBuild\cache\VersionBuildServer\Debug\StorageController.obj
E:\VersionBuild\cache\VersionBuildServer\Debug\StorageDownload.obj
E:\VersionBuild\cache\VersionBuildServer\Debug\StorageDownloadPart.obj
E:\VersionBuild\cache\VersionBuildServer\Debug\StorageUpload.obj
E:\VersionBuild\cache\VersionBuildServer\Debug\StorageUploadPart.obj
E:\VersionBuild\cache\VersionBuildServer\Debug\SystemConfig.obj
E:\VersionBuild\cache\VersionBuildServer\Debug\VBController.obj
E:\VersionBuild\cache\VersionBuildServer\Debug\VBHttpServer.obj
E:\VersionBuild\cache\VersionBuildServer\Debug\VBHttpServerItem.obj
E:\VersionBuild\cache\VersionBuildServer\Debug\VBRoute.obj
E:\VERSIONBUILD\CACHE\VERSIONBUILDSERVER\DEBUG\VC100.PDB
E:\VersionBuild\cache\VersionBuildServer\Debug\VersionBuildServer.exe.embed.manifest
E:\VERSIONBUILD\CACHE\VERSIONBUILDSERVER\DEBUG\VERSIONBUILDSERVER.EXE.EMBED.MANIFEST.RES
E:\VersionBuild\cache\VersionBuildServer\Debug\VersionBuildServer.obj
E:\VersionBuild\cache\VersionBuildServer\Debug\VersionBuildServer_manifest.rc
