LINK : warning LNK4075: 忽略“/INCREMENTAL”(由于“/FORCE”规范)
BuildRuleDeploy.obj : warning LNK4006: "public: static char const * * DB::BuildRuleData::names" (?names@BuildRuleData@DB@@2PAPEBDA) 已在 BuildRuleBuild.obj 中定义；已忽略第二个定义
BuildRuleDeploy.obj : warning LNK4006: "private: static char const * const DB::BuildRuleData::table_" (?table_@BuildRuleData@DB@@0PEBDEB) 已在 BuildRuleBuild.obj 中定义；已忽略第二个定义
BuildRuleDeploy.obj : warning LNK4006: "public: static char const * * DB::BuildRule_DependData::names" (?names@BuildRule_DependData@DB@@2PAPEBDA) 已在 BuildRuleBuild.obj 中定义；已忽略第二个定义
BuildRuleDeploy.obj : warning LNK4006: "private: static char const * const DB::BuildRule_DependData::table_" (?table_@BuildRule_DependData@DB@@0PEBDEB) 已在 BuildRuleBuild.obj 中定义；已忽略第二个定义
BuildRuleDeploy.obj : warning LNK4006: "public: static char const * * DB::BuildResultData::names" (?names@BuildResultData@DB@@2PAPEBDA) 已在 BuildRuleBuild.obj 中定义；已忽略第二个定义
BuildRuleDeploy.obj : warning LNK4006: "private: static char const * const DB::BuildResultData::table_" (?table_@BuildResultData@DB@@0PEBDEB) 已在 BuildRuleBuild.obj 中定义；已忽略第二个定义
BuildRuleDeploy.obj : warning LNK4006: "public: static char const * * DB::Resource_SourceCodeData::names" (?names@Resource_SourceCodeData@DB@@2PAPEBDA) 已在 BuildRuleBuild.obj 中定义；已忽略第二个定义
BuildRuleDeploy.obj : warning LNK4006: "private: static char const * const DB::Resource_SourceCodeData::table_" (?table_@Resource_SourceCodeData@DB@@0PEBDEB) 已在 BuildRuleBuild.obj 中定义；已忽略第二个定义
BuildRuleDeploy.obj : warning LNK4006: "public: static char const * * DB::Resource_HostData::names" (?names@Resource_HostData@DB@@2PAPEBDA) 已在 BuildRuleBuild.obj 中定义；已忽略第二个定义
BuildRuleDeploy.obj : warning LNK4006: "private: static char const * const DB::Resource_HostData::table_" (?table_@Resource_HostData@DB@@0PEBDEB) 已在 BuildRuleBuild.obj 中定义；已忽略第二个定义
BuildRuleDeploy.obj : warning LNK4006: "public: static char const * * DB::StorageData::names" (?names@StorageData@DB@@2PAPEBDA) 已在 BuildRuleBuild.obj 中定义；已忽略第二个定义
BuildRuleDeploy.obj : warning LNK4006: "private: static char const * const DB::StorageData::table_" (?table_@StorageData@DB@@0PEBDEB) 已在 BuildRuleBuild.obj 中定义；已忽略第二个定义
BuildRuleQuery.obj : warning LNK4006: "public: static char const * * DB::BuildRuleData::names" (?names@BuildRuleData@DB@@2PAPEBDA) 已在 BuildRuleBuild.obj 中定义；已忽略第二个定义
BuildRuleQuery.obj : warning LNK4006: "private: static char const * const DB::BuildRuleData::table_" (?table_@BuildRuleData@DB@@0PEBDEB) 已在 BuildRuleBuild.obj 中定义；已忽略第二个定义
HostCreate.obj : warning LNK4006: "public: static char const * * DB::Resource_HostData::names" (?names@Resource_HostData@DB@@2PAPEBDA) 已在 BuildRuleBuild.obj 中定义；已忽略第二个定义
HostCreate.obj : warning LNK4006: "private: static char const * const DB::Resource_HostData::table_" (?table_@Resource_HostData@DB@@0PEBDEB) 已在 BuildRuleBuild.obj 中定义；已忽略第二个定义
HostQuery.obj : warning LNK4006: "public: static char const * * DB::Resource_HostData::names" (?names@Resource_HostData@DB@@2PAPEBDA) 已在 BuildRuleBuild.obj 中定义；已忽略第二个定义
HostQuery.obj : warning LNK4006: "private: static char const * const DB::Resource_HostData::table_" (?table_@Resource_HostData@DB@@0PEBDEB) 已在 BuildRuleBuild.obj 中定义；已忽略第二个定义
SourceCodeBuild.obj : warning LNK4006: "public: static char const * * DB::Resource_HostData::names" (?names@Resource_HostData@DB@@2PAPEBDA) 已在 BuildRuleBuild.obj 中定义；已忽略第二个定义
SourceCodeBuild.obj : warning LNK4006: "private: static char const * const DB::Resource_HostData::table_" (?table_@Resource_HostData@DB@@0PEBDEB) 已在 BuildRuleBuild.obj 中定义；已忽略第二个定义
SourceCodeBuild.obj : warning LNK4006: "public: static char const * * DB::SourceCode_DeployData::names" (?names@SourceCode_DeployData@DB@@2PAPEBDA) 已在 BuildRuleDeploy.obj 中定义；已忽略第二个定义
SourceCodeBuild.obj : warning LNK4006: "private: static char const * const DB::SourceCode_DeployData::table_" (?table_@SourceCode_DeployData@DB@@0PEBDEB) 已在 BuildRuleDeploy.obj 中定义；已忽略第二个定义
SourceCodeBuild.obj : warning LNK4006: "public: static char const * * DB::BuildRuleData::names" (?names@BuildRuleData@DB@@2PAPEBDA) 已在 BuildRuleBuild.obj 中定义；已忽略第二个定义
SourceCodeBuild.obj : warning LNK4006: "private: static char const * const DB::BuildRuleData::table_" (?table_@BuildRuleData@DB@@0PEBDEB) 已在 BuildRuleBuild.obj 中定义；已忽略第二个定义
SourceCodeBuild.obj : warning LNK4006: "public: static char const * * DB::BuildRule_DeployData::names" (?names@BuildRule_DeployData@DB@@2PAPEBDA) 已在 BuildRuleBuild.obj 中定义；已忽略第二个定义
SourceCodeBuild.obj : warning LNK4006: "private: static char const * const DB::BuildRule_DeployData::table_" (?table_@BuildRule_DeployData@DB@@0PEBDEB) 已在 BuildRuleBuild.obj 中定义；已忽略第二个定义
SourceCodeBuild.obj : warning LNK4006: "public: static char const * * DB::Resource_SourceCodeData::names" (?names@Resource_SourceCodeData@DB@@2PAPEBDA) 已在 BuildRuleBuild.obj 中定义；已忽略第二个定义
SourceCodeBuild.obj : warning LNK4006: "private: static char const * const DB::Resource_SourceCodeData::table_" (?table_@Resource_SourceCodeData@DB@@0PEBDEB) 已在 BuildRuleBuild.obj 中定义；已忽略第二个定义
SourceCodeCreate.obj : warning LNK4006: "public: static char const * * DB::Resource_SourceCodeData::names" (?names@Resource_SourceCodeData@DB@@2PAPEBDA) 已在 BuildRuleBuild.obj 中定义；已忽略第二个定义
SourceCodeCreate.obj : warning LNK4006: "private: static char const * const DB::Resource_SourceCodeData::table_" (?table_@Resource_SourceCodeData@DB@@0PEBDEB) 已在 BuildRuleBuild.obj 中定义；已忽略第二个定义
SourceCodeCreate.obj : warning LNK4006: "public: static char const * * DB::BuildRuleData::names" (?names@BuildRuleData@DB@@2PAPEBDA) 已在 BuildRuleBuild.obj 中定义；已忽略第二个定义
SourceCodeCreate.obj : warning LNK4006: "private: static char const * const DB::BuildRuleData::table_" (?table_@BuildRuleData@DB@@0PEBDEB) 已在 BuildRuleBuild.obj 中定义；已忽略第二个定义
SourceCodeCreate.obj : warning LNK4006: "public: static char const * * DB::BuildRule_DeployData::names" (?names@BuildRule_DeployData@DB@@2PAPEBDA) 已在 BuildRuleBuild.obj 中定义；已忽略第二个定义
SourceCodeCreate.obj : warning LNK4006: "private: static char const * const DB::BuildRule_DeployData::table_" (?table_@BuildRule_DeployData@DB@@0PEBDEB) 已在 BuildRuleBuild.obj 中定义；已忽略第二个定义
SourceCodeCreate.obj : warning LNK4006: "public: static char const * * DB::BuildRule_DependData::names" (?names@BuildRule_DependData@DB@@2PAPEBDA) 已在 BuildRuleBuild.obj 中定义；已忽略第二个定义
SourceCodeCreate.obj : warning LNK4006: "private: static char const * const DB::BuildRule_DependData::table_" (?table_@BuildRule_DependData@DB@@0PEBDEB) 已在 BuildRuleBuild.obj 中定义；已忽略第二个定义
SourceCodeDeploy.obj : warning LNK4006: "public: static char const * * DB::BuildRuleData::names" (?names@BuildRuleData@DB@@2PAPEBDA) 已在 BuildRuleBuild.obj 中定义；已忽略第二个定义
SourceCodeDeploy.obj : warning LNK4006: "private: static char const * const DB::BuildRuleData::table_" (?table_@BuildRuleData@DB@@0PEBDEB) 已在 BuildRuleBuild.obj 中定义；已忽略第二个定义
SourceCodeDeploy.obj : warning LNK4006: "public: static char const * * DB::BuildRule_DeployData::names" (?names@BuildRule_DeployData@DB@@2PAPEBDA) 已在 BuildRuleBuild.obj 中定义；已忽略第二个定义
SourceCodeDeploy.obj : warning LNK4006: "private: static char const * const DB::BuildRule_DeployData::table_" (?table_@BuildRule_DeployData@DB@@0PEBDEB) 已在 BuildRuleBuild.obj 中定义；已忽略第二个定义
SourceCodeDeploy.obj : warning LNK4006: "public: static char const * * DB::Resource_HostData::names" (?names@Resource_HostData@DB@@2PAPEBDA) 已在 BuildRuleBuild.obj 中定义；已忽略第二个定义
SourceCodeDeploy.obj : warning LNK4006: "private: static char const * const DB::Resource_HostData::table_" (?table_@Resource_HostData@DB@@0PEBDEB) 已在 BuildRuleBuild.obj 中定义；已忽略第二个定义
SourceCodeQuery.obj : warning LNK4006: "public: static char const * * DB::Resource_SourceCodeData::names" (?names@Resource_SourceCodeData@DB@@2PAPEBDA) 已在 BuildRuleBuild.obj 中定义；已忽略第二个定义
SourceCodeQuery.obj : warning LNK4006: "private: static char const * const DB::Resource_SourceCodeData::table_" (?table_@Resource_SourceCodeData@DB@@0PEBDEB) 已在 BuildRuleBuild.obj 中定义；已忽略第二个定义
StorageDownload.obj : warning LNK4006: "public: static char const * * DB::StorageData::names" (?names@StorageData@DB@@2PAPEBDA) 已在 BuildRuleBuild.obj 中定义；已忽略第二个定义
StorageDownload.obj : warning LNK4006: "private: static char const * const DB::StorageData::table_" (?table_@StorageData@DB@@0PEBDEB) 已在 BuildRuleBuild.obj 中定义；已忽略第二个定义
StorageDownload.obj : warning LNK4006: "public: static char const * * DB::Resource_HostData::names" (?names@Resource_HostData@DB@@2PAPEBDA) 已在 BuildRuleBuild.obj 中定义；已忽略第二个定义
StorageDownload.obj : warning LNK4006: "private: static char const * const DB::Resource_HostData::table_" (?table_@Resource_HostData@DB@@0PEBDEB) 已在 BuildRuleBuild.obj 中定义；已忽略第二个定义
StorageUpload.obj : warning LNK4006: "public: static char const * * DB::Resource_HostData::names" (?names@Resource_HostData@DB@@2PAPEBDA) 已在 BuildRuleBuild.obj 中定义；已忽略第二个定义
StorageUpload.obj : warning LNK4006: "private: static char const * const DB::Resource_HostData::table_" (?table_@Resource_HostData@DB@@0PEBDEB) 已在 BuildRuleBuild.obj 中定义；已忽略第二个定义
StorageUpload.obj : warning LNK4006: "public: static char const * * DB::StorageData::names" (?names@StorageData@DB@@2PAPEBDA) 已在 BuildRuleBuild.obj 中定义；已忽略第二个定义
StorageUpload.obj : warning LNK4006: "private: static char const * const DB::StorageData::table_" (?table_@StorageData@DB@@0PEBDEB) 已在 BuildRuleBuild.obj 中定义；已忽略第二个定义
BuildRuleController.obj : warning LNK4006: "public: static char const * * DB::Resource_SourceCodeData::names" (?names@Resource_SourceCodeData@DB@@2PAPEBDA) 已在 BuildRuleBuild.obj 中定义；已忽略第二个定义
BuildRuleController.obj : warning LNK4006: "private: static char const * const DB::Resource_SourceCodeData::table_" (?table_@Resource_SourceCodeData@DB@@0PEBDEB) 已在 BuildRuleBuild.obj 中定义；已忽略第二个定义
BuildRuleController.obj : warning LNK4006: "public: static char const * * DB::BuildRuleData::names" (?names@BuildRuleData@DB@@2PAPEBDA) 已在 BuildRuleBuild.obj 中定义；已忽略第二个定义
BuildRuleController.obj : warning LNK4006: "private: static char const * const DB::BuildRuleData::table_" (?table_@BuildRuleData@DB@@0PEBDEB) 已在 BuildRuleBuild.obj 中定义；已忽略第二个定义
BuildRuleController.obj : warning LNK4006: "public: static char const * * DB::BuildRule_DeployData::names" (?names@BuildRule_DeployData@DB@@2PAPEBDA) 已在 BuildRuleBuild.obj 中定义；已忽略第二个定义
BuildRuleController.obj : warning LNK4006: "private: static char const * const DB::BuildRule_DeployData::table_" (?table_@BuildRule_DeployData@DB@@0PEBDEB) 已在 BuildRuleBuild.obj 中定义；已忽略第二个定义
BuildRuleController.obj : warning LNK4006: "public: static char const * * DB::BuildRule_DependData::names" (?names@BuildRule_DependData@DB@@2PAPEBDA) 已在 BuildRuleBuild.obj 中定义；已忽略第二个定义
BuildRuleController.obj : warning LNK4006: "private: static char const * const DB::BuildRule_DependData::table_" (?table_@BuildRule_DependData@DB@@0PEBDEB) 已在 BuildRuleBuild.obj 中定义；已忽略第二个定义
BuildRuleController.obj : warning LNK4006: "public: static char const * * DB::BuildResultData::names" (?names@BuildResultData@DB@@2PAPEBDA) 已在 BuildRuleBuild.obj 中定义；已忽略第二个定义
BuildRuleController.obj : warning LNK4006: "private: static char const * const DB::BuildResultData::table_" (?table_@BuildResultData@DB@@0PEBDEB) 已在 BuildRuleBuild.obj 中定义；已忽略第二个定义
BuildRuleController.obj : warning LNK4006: "public: static char const * * DB::StorageData::names" (?names@StorageData@DB@@2PAPEBDA) 已在 BuildRuleBuild.obj 中定义；已忽略第二个定义
BuildRuleController.obj : warning LNK4006: "private: static char const * const DB::StorageData::table_" (?table_@StorageData@DB@@0PEBDEB) 已在 BuildRuleBuild.obj 中定义；已忽略第二个定义
BuildRuleController.obj : warning LNK4006: "public: static char const * * DB::Resource_HostData::names" (?names@Resource_HostData@DB@@2PAPEBDA) 已在 BuildRuleBuild.obj 中定义；已忽略第二个定义
BuildRuleController.obj : warning LNK4006: "private: static char const * const DB::Resource_HostData::table_" (?table_@Resource_HostData@DB@@0PEBDEB) 已在 BuildRuleBuild.obj 中定义；已忽略第二个定义
HostController.obj : warning LNK4006: "public: static char const * * DB::StorageData::names" (?names@StorageData@DB@@2PAPEBDA) 已在 BuildRuleBuild.obj 中定义；已忽略第二个定义
HostController.obj : warning LNK4006: "private: static char const * const DB::StorageData::table_" (?table_@StorageData@DB@@0PEBDEB) 已在 BuildRuleBuild.obj 中定义；已忽略第二个定义
SoftwarePackageController.obj : warning LNK4006: "public: static char const * * DB::StorageData::names" (?names@StorageData@DB@@2PAPEBDA) 已在 BuildRuleBuild.obj 中定义；已忽略第二个定义
SoftwarePackageController.obj : warning LNK4006: "private: static char const * const DB::StorageData::table_" (?table_@StorageData@DB@@0PEBDEB) 已在 BuildRuleBuild.obj 中定义；已忽略第二个定义
SourceCodeController.obj : warning LNK4006: "public: static char const * * DB::Resource_HostData::names" (?names@Resource_HostData@DB@@2PAPEBDA) 已在 BuildRuleBuild.obj 中定义；已忽略第二个定义
SourceCodeController.obj : warning LNK4006: "private: static char const * const DB::Resource_HostData::table_" (?table_@Resource_HostData@DB@@0PEBDEB) 已在 BuildRuleBuild.obj 中定义；已忽略第二个定义
StorageController.obj : warning LNK4006: "public: static char const * * DB::StorageData::names" (?names@StorageData@DB@@2PAPEBDA) 已在 BuildRuleBuild.obj 中定义；已忽略第二个定义
StorageController.obj : warning LNK4006: "private: static char const * const DB::StorageData::table_" (?table_@StorageData@DB@@0PEBDEB) 已在 BuildRuleBuild.obj 中定义；已忽略第二个定义
BuildResult.obj : warning LNK4006: "public: static char const * * DB::BuildResultData::names" (?names@BuildResultData@DB@@2PAPEBDA) 已在 BuildRuleBuild.obj 中定义；已忽略第二个定义
BuildResult.obj : warning LNK4006: "private: static char const * const DB::BuildResultData::table_" (?table_@BuildResultData@DB@@0PEBDEB) 已在 BuildRuleBuild.obj 中定义；已忽略第二个定义
BuildRule.obj : warning LNK4006: "public: static char const * * DB::BuildRuleData::names" (?names@BuildRuleData@DB@@2PAPEBDA) 已在 BuildRuleBuild.obj 中定义；已忽略第二个定义
BuildRule.obj : warning LNK4006: "private: static char const * const DB::BuildRuleData::table_" (?table_@BuildRuleData@DB@@0PEBDEB) 已在 BuildRuleBuild.obj 中定义；已忽略第二个定义
BuildRule_Depend.obj : warning LNK4006: "public: static char const * * DB::BuildRule_DependData::names" (?names@BuildRule_DependData@DB@@2PAPEBDA) 已在 BuildRuleBuild.obj 中定义；已忽略第二个定义
BuildRule_Depend.obj : warning LNK4006: "private: static char const * const DB::BuildRule_DependData::table_" (?table_@BuildRule_DependData@DB@@0PEBDEB) 已在 BuildRuleBuild.obj 中定义；已忽略第二个定义
BuildRule_Deploy.obj : warning LNK4006: "public: static char const * * DB::BuildRule_DeployData::names" (?names@BuildRule_DeployData@DB@@2PAPEBDA) 已在 BuildRuleBuild.obj 中定义；已忽略第二个定义
BuildRule_Deploy.obj : warning LNK4006: "private: static char const * const DB::BuildRule_DeployData::table_" (?table_@BuildRule_DeployData@DB@@0PEBDEB) 已在 BuildRuleBuild.obj 中定义；已忽略第二个定义
Resource.obj : warning LNK4006: "public: static char const * * DB::ResourceData::names" (?names@ResourceData@DB@@2PAPEBDA) 已在 ResourceQuery.obj 中定义；已忽略第二个定义
Resource.obj : warning LNK4006: "private: static char const * const DB::ResourceData::table_" (?table_@ResourceData@DB@@0PEBDEB) 已在 ResourceQuery.obj 中定义；已忽略第二个定义
Resource_Host.obj : warning LNK4006: "public: static char const * * DB::Resource_HostData::names" (?names@Resource_HostData@DB@@2PAPEBDA) 已在 BuildRuleBuild.obj 中定义；已忽略第二个定义
Resource_Host.obj : warning LNK4006: "private: static char const * const DB::Resource_HostData::table_" (?table_@Resource_HostData@DB@@0PEBDEB) 已在 BuildRuleBuild.obj 中定义；已忽略第二个定义
Resource_SourceCode.obj : warning LNK4006: "public: static char const * * DB::Resource_SourceCodeData::names" (?names@Resource_SourceCodeData@DB@@2PAPEBDA) 已在 BuildRuleBuild.obj 中定义；已忽略第二个定义
Resource_SourceCode.obj : warning LNK4006: "private: static char const * const DB::Resource_SourceCodeData::table_" (?table_@Resource_SourceCodeData@DB@@0PEBDEB) 已在 BuildRuleBuild.obj 中定义；已忽略第二个定义
SourceCode_Deploy.obj : warning LNK4006: "public: static char const * * DB::SourceCode_DeployData::names" (?names@SourceCode_DeployData@DB@@2PAPEBDA) 已在 BuildRuleDeploy.obj 中定义；已忽略第二个定义
SourceCode_Deploy.obj : warning LNK4006: "private: static char const * const DB::SourceCode_DeployData::table_" (?table_@SourceCode_DeployData@DB@@0PEBDEB) 已在 BuildRuleDeploy.obj 中定义；已忽略第二个定义
Storage.obj : warning LNK4006: "public: static char const * * DB::StorageData::names" (?names@StorageData@DB@@2PAPEBDA) 已在 BuildRuleBuild.obj 中定义；已忽略第二个定义
Storage.obj : warning LNK4006: "private: static char const * const DB::StorageData::table_" (?table_@StorageData@DB@@0PEBDEB) 已在 BuildRuleBuild.obj 中定义；已忽略第二个定义
HttpClient.obj : warning LNK4006: "public: static char const * * DB::Resource_HostData::names" (?names@Resource_HostData@DB@@2PAPEBDA) 已在 BuildRuleBuild.obj 中定义；已忽略第二个定义
HttpClient.obj : warning LNK4006: "private: static char const * const DB::Resource_HostData::table_" (?table_@Resource_HostData@DB@@0PEBDEB) 已在 BuildRuleBuild.obj 中定义；已忽略第二个定义
  libIconv.lib(iconv.obj) : 找到 MSIL .netmodule 或使用 /GL 编译的模块；正在使用 /LTCG 重新启动链接；将 /LTCG 添加到链接命令行以改进链接器性能
LINK : warning LNK4075: 忽略“/INCREMENTAL”(由于“/LTCG”规范)
BuildRuleDeploy.obj : warning LNK4006: "public: static char const * * DB::BuildRuleData::names" (?names@BuildRuleData@DB@@2PAPEBDA) 已在 BuildRuleBuild.obj 中定义；已忽略第二个定义
BuildRuleDeploy.obj : warning LNK4006: "private: static char const * const DB::BuildRuleData::table_" (?table_@BuildRuleData@DB@@0PEBDEB) 已在 BuildRuleBuild.obj 中定义；已忽略第二个定义
BuildRuleDeploy.obj : warning LNK4006: "public: static char const * * DB::BuildRule_DependData::names" (?names@BuildRule_DependData@DB@@2PAPEBDA) 已在 BuildRuleBuild.obj 中定义；已忽略第二个定义
BuildRuleDeploy.obj : warning LNK4006: "private: static char const * const DB::BuildRule_DependData::table_" (?table_@BuildRule_DependData@DB@@0PEBDEB) 已在 BuildRuleBuild.obj 中定义；已忽略第二个定义
BuildRuleDeploy.obj : warning LNK4006: "public: static char const * * DB::BuildResultData::names" (?names@BuildResultData@DB@@2PAPEBDA) 已在 BuildRuleBuild.obj 中定义；已忽略第二个定义
BuildRuleDeploy.obj : warning LNK4006: "private: static char const * const DB::BuildResultData::table_" (?table_@BuildResultData@DB@@0PEBDEB) 已在 BuildRuleBuild.obj 中定义；已忽略第二个定义
BuildRuleDeploy.obj : warning LNK4006: "public: static char const * * DB::Resource_SourceCodeData::names" (?names@Resource_SourceCodeData@DB@@2PAPEBDA) 已在 BuildRuleBuild.obj 中定义；已忽略第二个定义
BuildRuleDeploy.obj : warning LNK4006: "private: static char const * const DB::Resource_SourceCodeData::table_" (?table_@Resource_SourceCodeData@DB@@0PEBDEB) 已在 BuildRuleBuild.obj 中定义；已忽略第二个定义
BuildRuleDeploy.obj : warning LNK4006: "public: static char const * * DB::Resource_HostData::names" (?names@Resource_HostData@DB@@2PAPEBDA) 已在 BuildRuleBuild.obj 中定义；已忽略第二个定义
BuildRuleDeploy.obj : warning LNK4006: "private: static char const * const DB::Resource_HostData::table_" (?table_@Resource_HostData@DB@@0PEBDEB) 已在 BuildRuleBuild.obj 中定义；已忽略第二个定义
BuildRuleDeploy.obj : warning LNK4006: "public: static char const * * DB::StorageData::names" (?names@StorageData@DB@@2PAPEBDA) 已在 BuildRuleBuild.obj 中定义；已忽略第二个定义
BuildRuleDeploy.obj : warning LNK4006: "private: static char const * const DB::StorageData::table_" (?table_@StorageData@DB@@0PEBDEB) 已在 BuildRuleBuild.obj 中定义；已忽略第二个定义
BuildRuleQuery.obj : warning LNK4006: "public: static char const * * DB::BuildRuleData::names" (?names@BuildRuleData@DB@@2PAPEBDA) 已在 BuildRuleBuild.obj 中定义；已忽略第二个定义
BuildRuleQuery.obj : warning LNK4006: "private: static char const * const DB::BuildRuleData::table_" (?table_@BuildRuleData@DB@@0PEBDEB) 已在 BuildRuleBuild.obj 中定义；已忽略第二个定义
HostCreate.obj : warning LNK4006: "public: static char const * * DB::Resource_HostData::names" (?names@Resource_HostData@DB@@2PAPEBDA) 已在 BuildRuleBuild.obj 中定义；已忽略第二个定义
HostCreate.obj : warning LNK4006: "private: static char const * const DB::Resource_HostData::table_" (?table_@Resource_HostData@DB@@0PEBDEB) 已在 BuildRuleBuild.obj 中定义；已忽略第二个定义
HostQuery.obj : warning LNK4006: "public: static char const * * DB::Resource_HostData::names" (?names@Resource_HostData@DB@@2PAPEBDA) 已在 BuildRuleBuild.obj 中定义；已忽略第二个定义
HostQuery.obj : warning LNK4006: "private: static char const * const DB::Resource_HostData::table_" (?table_@Resource_HostData@DB@@0PEBDEB) 已在 BuildRuleBuild.obj 中定义；已忽略第二个定义
SourceCodeBuild.obj : warning LNK4006: "public: static char const * * DB::Resource_HostData::names" (?names@Resource_HostData@DB@@2PAPEBDA) 已在 BuildRuleBuild.obj 中定义；已忽略第二个定义
SourceCodeBuild.obj : warning LNK4006: "private: static char const * const DB::Resource_HostData::table_" (?table_@Resource_HostData@DB@@0PEBDEB) 已在 BuildRuleBuild.obj 中定义；已忽略第二个定义
SourceCodeBuild.obj : warning LNK4006: "public: static char const * * DB::SourceCode_DeployData::names" (?names@SourceCode_DeployData@DB@@2PAPEBDA) 已在 BuildRuleDeploy.obj 中定义；已忽略第二个定义
SourceCodeBuild.obj : warning LNK4006: "private: static char const * const DB::SourceCode_DeployData::table_" (?table_@SourceCode_DeployData@DB@@0PEBDEB) 已在 BuildRuleDeploy.obj 中定义；已忽略第二个定义
SourceCodeBuild.obj : warning LNK4006: "public: static char const * * DB::BuildRuleData::names" (?names@BuildRuleData@DB@@2PAPEBDA) 已在 BuildRuleBuild.obj 中定义；已忽略第二个定义
SourceCodeBuild.obj : warning LNK4006: "private: static char const * const DB::BuildRuleData::table_" (?table_@BuildRuleData@DB@@0PEBDEB) 已在 BuildRuleBuild.obj 中定义；已忽略第二个定义
SourceCodeBuild.obj : warning LNK4006: "public: static char const * * DB::BuildRule_DeployData::names" (?names@BuildRule_DeployData@DB@@2PAPEBDA) 已在 BuildRuleBuild.obj 中定义；已忽略第二个定义
SourceCodeBuild.obj : warning LNK4006: "private: static char const * const DB::BuildRule_DeployData::table_" (?table_@BuildRule_DeployData@DB@@0PEBDEB) 已在 BuildRuleBuild.obj 中定义；已忽略第二个定义
SourceCodeBuild.obj : warning LNK4006: "public: static char const * * DB::Resource_SourceCodeData::names" (?names@Resource_SourceCodeData@DB@@2PAPEBDA) 已在 BuildRuleBuild.obj 中定义；已忽略第二个定义
SourceCodeBuild.obj : warning LNK4006: "private: static char const * const DB::Resource_SourceCodeData::table_" (?table_@Resource_SourceCodeData@DB@@0PEBDEB) 已在 BuildRuleBuild.obj 中定义；已忽略第二个定义
SourceCodeCreate.obj : warning LNK4006: "public: static char const * * DB::Resource_SourceCodeData::names" (?names@Resource_SourceCodeData@DB@@2PAPEBDA) 已在 BuildRuleBuild.obj 中定义；已忽略第二个定义
SourceCodeCreate.obj : warning LNK4006: "private: static char const * const DB::Resource_SourceCodeData::table_" (?table_@Resource_SourceCodeData@DB@@0PEBDEB) 已在 BuildRuleBuild.obj 中定义；已忽略第二个定义
SourceCodeCreate.obj : warning LNK4006: "public: static char const * * DB::BuildRuleData::names" (?names@BuildRuleData@DB@@2PAPEBDA) 已在 BuildRuleBuild.obj 中定义；已忽略第二个定义
SourceCodeCreate.obj : warning LNK4006: "private: static char const * const DB::BuildRuleData::table_" (?table_@BuildRuleData@DB@@0PEBDEB) 已在 BuildRuleBuild.obj 中定义；已忽略第二个定义
SourceCodeCreate.obj : warning LNK4006: "public: static char const * * DB::BuildRule_DeployData::names" (?names@BuildRule_DeployData@DB@@2PAPEBDA) 已在 BuildRuleBuild.obj 中定义；已忽略第二个定义
SourceCodeCreate.obj : warning LNK4006: "private: static char const * const DB::BuildRule_DeployData::table_" (?table_@BuildRule_DeployData@DB@@0PEBDEB) 已在 BuildRuleBuild.obj 中定义；已忽略第二个定义
SourceCodeCreate.obj : warning LNK4006: "public: static char const * * DB::BuildRule_DependData::names" (?names@BuildRule_DependData@DB@@2PAPEBDA) 已在 BuildRuleBuild.obj 中定义；已忽略第二个定义
SourceCodeCreate.obj : warning LNK4006: "private: static char const * const DB::BuildRule_DependData::table_" (?table_@BuildRule_DependData@DB@@0PEBDEB) 已在 BuildRuleBuild.obj 中定义；已忽略第二个定义
SourceCodeDeploy.obj : warning LNK4006: "public: static char const * * DB::BuildRuleData::names" (?names@BuildRuleData@DB@@2PAPEBDA) 已在 BuildRuleBuild.obj 中定义；已忽略第二个定义
SourceCodeDeploy.obj : warning LNK4006: "private: static char const * const DB::BuildRuleData::table_" (?table_@BuildRuleData@DB@@0PEBDEB) 已在 BuildRuleBuild.obj 中定义；已忽略第二个定义
SourceCodeDeploy.obj : warning LNK4006: "public: static char const * * DB::BuildRule_DeployData::names" (?names@BuildRule_DeployData@DB@@2PAPEBDA) 已在 BuildRuleBuild.obj 中定义；已忽略第二个定义
SourceCodeDeploy.obj : warning LNK4006: "private: static char const * const DB::BuildRule_DeployData::table_" (?table_@BuildRule_DeployData@DB@@0PEBDEB) 已在 BuildRuleBuild.obj 中定义；已忽略第二个定义
SourceCodeDeploy.obj : warning LNK4006: "public: static char const * * DB::Resource_HostData::names" (?names@Resource_HostData@DB@@2PAPEBDA) 已在 BuildRuleBuild.obj 中定义；已忽略第二个定义
SourceCodeDeploy.obj : warning LNK4006: "private: static char const * const DB::Resource_HostData::table_" (?table_@Resource_HostData@DB@@0PEBDEB) 已在 BuildRuleBuild.obj 中定义；已忽略第二个定义
SourceCodeQuery.obj : warning LNK4006: "public: static char const * * DB::Resource_SourceCodeData::names" (?names@Resource_SourceCodeData@DB@@2PAPEBDA) 已在 BuildRuleBuild.obj 中定义；已忽略第二个定义
SourceCodeQuery.obj : warning LNK4006: "private: static char const * const DB::Resource_SourceCodeData::table_" (?table_@Resource_SourceCodeData@DB@@0PEBDEB) 已在 BuildRuleBuild.obj 中定义；已忽略第二个定义
StorageDownload.obj : warning LNK4006: "public: static char const * * DB::StorageData::names" (?names@StorageData@DB@@2PAPEBDA) 已在 BuildRuleBuild.obj 中定义；已忽略第二个定义
StorageDownload.obj : warning LNK4006: "private: static char const * const DB::StorageData::table_" (?table_@StorageData@DB@@0PEBDEB) 已在 BuildRuleBuild.obj 中定义；已忽略第二个定义
StorageDownload.obj : warning LNK4006: "public: static char const * * DB::Resource_HostData::names" (?names@Resource_HostData@DB@@2PAPEBDA) 已在 BuildRuleBuild.obj 中定义；已忽略第二个定义
StorageDownload.obj : warning LNK4006: "private: static char const * const DB::Resource_HostData::table_" (?table_@Resource_HostData@DB@@0PEBDEB) 已在 BuildRuleBuild.obj 中定义；已忽略第二个定义
StorageUpload.obj : warning LNK4006: "public: static char const * * DB::Resource_HostData::names" (?names@Resource_HostData@DB@@2PAPEBDA) 已在 BuildRuleBuild.obj 中定义；已忽略第二个定义
StorageUpload.obj : warning LNK4006: "private: static char const * const DB::Resource_HostData::table_" (?table_@Resource_HostData@DB@@0PEBDEB) 已在 BuildRuleBuild.obj 中定义；已忽略第二个定义
StorageUpload.obj : warning LNK4006: "public: static char const * * DB::StorageData::names" (?names@StorageData@DB@@2PAPEBDA) 已在 BuildRuleBuild.obj 中定义；已忽略第二个定义
StorageUpload.obj : warning LNK4006: "private: static char const * const DB::StorageData::table_" (?table_@StorageData@DB@@0PEBDEB) 已在 BuildRuleBuild.obj 中定义；已忽略第二个定义
BuildRuleController.obj : warning LNK4006: "public: static char const * * DB::Resource_SourceCodeData::names" (?names@Resource_SourceCodeData@DB@@2PAPEBDA) 已在 BuildRuleBuild.obj 中定义；已忽略第二个定义
BuildRuleController.obj : warning LNK4006: "private: static char const * const DB::Resource_SourceCodeData::table_" (?table_@Resource_SourceCodeData@DB@@0PEBDEB) 已在 BuildRuleBuild.obj 中定义；已忽略第二个定义
BuildRuleController.obj : warning LNK4006: "public: static char const * * DB::BuildRuleData::names" (?names@BuildRuleData@DB@@2PAPEBDA) 已在 BuildRuleBuild.obj 中定义；已忽略第二个定义
BuildRuleController.obj : warning LNK4006: "private: static char const * const DB::BuildRuleData::table_" (?table_@BuildRuleData@DB@@0PEBDEB) 已在 BuildRuleBuild.obj 中定义；已忽略第二个定义
BuildRuleController.obj : warning LNK4006: "public: static char const * * DB::BuildRule_DeployData::names" (?names@BuildRule_DeployData@DB@@2PAPEBDA) 已在 BuildRuleBuild.obj 中定义；已忽略第二个定义
BuildRuleController.obj : warning LNK4006: "private: static char const * const DB::BuildRule_DeployData::table_" (?table_@BuildRule_DeployData@DB@@0PEBDEB) 已在 BuildRuleBuild.obj 中定义；已忽略第二个定义
BuildRuleController.obj : warning LNK4006: "public: static char const * * DB::BuildRule_DependData::names" (?names@BuildRule_DependData@DB@@2PAPEBDA) 已在 BuildRuleBuild.obj 中定义；已忽略第二个定义
BuildRuleController.obj : warning LNK4006: "private: static char const * const DB::BuildRule_DependData::table_" (?table_@BuildRule_DependData@DB@@0PEBDEB) 已在 BuildRuleBuild.obj 中定义；已忽略第二个定义
BuildRuleController.obj : warning LNK4006: "public: static char const * * DB::BuildResultData::names" (?names@BuildResultData@DB@@2PAPEBDA) 已在 BuildRuleBuild.obj 中定义；已忽略第二个定义
BuildRuleController.obj : warning LNK4006: "private: static char const * const DB::BuildResultData::table_" (?table_@BuildResultData@DB@@0PEBDEB) 已在 BuildRuleBuild.obj 中定义；已忽略第二个定义
BuildRuleController.obj : warning LNK4006: "public: static char const * * DB::StorageData::names" (?names@StorageData@DB@@2PAPEBDA) 已在 BuildRuleBuild.obj 中定义；已忽略第二个定义
BuildRuleController.obj : warning LNK4006: "private: static char const * const DB::StorageData::table_" (?table_@StorageData@DB@@0PEBDEB) 已在 BuildRuleBuild.obj 中定义；已忽略第二个定义
BuildRuleController.obj : warning LNK4006: "public: static char const * * DB::Resource_HostData::names" (?names@Resource_HostData@DB@@2PAPEBDA) 已在 BuildRuleBuild.obj 中定义；已忽略第二个定义
BuildRuleController.obj : warning LNK4006: "private: static char const * const DB::Resource_HostData::table_" (?table_@Resource_HostData@DB@@0PEBDEB) 已在 BuildRuleBuild.obj 中定义；已忽略第二个定义
HostController.obj : warning LNK4006: "public: static char const * * DB::StorageData::names" (?names@StorageData@DB@@2PAPEBDA) 已在 BuildRuleBuild.obj 中定义；已忽略第二个定义
HostController.obj : warning LNK4006: "private: static char const * const DB::StorageData::table_" (?table_@StorageData@DB@@0PEBDEB) 已在 BuildRuleBuild.obj 中定义；已忽略第二个定义
SoftwarePackageController.obj : warning LNK4006: "public: static char const * * DB::StorageData::names" (?names@StorageData@DB@@2PAPEBDA) 已在 BuildRuleBuild.obj 中定义；已忽略第二个定义
SoftwarePackageController.obj : warning LNK4006: "private: static char const * const DB::StorageData::table_" (?table_@StorageData@DB@@0PEBDEB) 已在 BuildRuleBuild.obj 中定义；已忽略第二个定义
SourceCodeController.obj : warning LNK4006: "public: static char const * * DB::Resource_HostData::names" (?names@Resource_HostData@DB@@2PAPEBDA) 已在 BuildRuleBuild.obj 中定义；已忽略第二个定义
SourceCodeController.obj : warning LNK4006: "private: static char const * const DB::Resource_HostData::table_" (?table_@Resource_HostData@DB@@0PEBDEB) 已在 BuildRuleBuild.obj 中定义；已忽略第二个定义
StorageController.obj : warning LNK4006: "public: static char const * * DB::StorageData::names" (?names@StorageData@DB@@2PAPEBDA) 已在 BuildRuleBuild.obj 中定义；已忽略第二个定义
StorageController.obj : warning LNK4006: "private: static char const * const DB::StorageData::table_" (?table_@StorageData@DB@@0PEBDEB) 已在 BuildRuleBuild.obj 中定义；已忽略第二个定义
BuildResult.obj : warning LNK4006: "public: static char const * * DB::BuildResultData::names" (?names@BuildResultData@DB@@2PAPEBDA) 已在 BuildRuleBuild.obj 中定义；已忽略第二个定义
BuildResult.obj : warning LNK4006: "private: static char const * const DB::BuildResultData::table_" (?table_@BuildResultData@DB@@0PEBDEB) 已在 BuildRuleBuild.obj 中定义；已忽略第二个定义
BuildRule.obj : warning LNK4006: "public: static char const * * DB::BuildRuleData::names" (?names@BuildRuleData@DB@@2PAPEBDA) 已在 BuildRuleBuild.obj 中定义；已忽略第二个定义
BuildRule.obj : warning LNK4006: "private: static char const * const DB::BuildRuleData::table_" (?table_@BuildRuleData@DB@@0PEBDEB) 已在 BuildRuleBuild.obj 中定义；已忽略第二个定义
BuildRule_Depend.obj : warning LNK4006: "public: static char const * * DB::BuildRule_DependData::names" (?names@BuildRule_DependData@DB@@2PAPEBDA) 已在 BuildRuleBuild.obj 中定义；已忽略第二个定义
BuildRule_Depend.obj : warning LNK4006: "private: static char const * const DB::BuildRule_DependData::table_" (?table_@BuildRule_DependData@DB@@0PEBDEB) 已在 BuildRuleBuild.obj 中定义；已忽略第二个定义
BuildRule_Deploy.obj : warning LNK4006: "public: static char const * * DB::BuildRule_DeployData::names" (?names@BuildRule_DeployData@DB@@2PAPEBDA) 已在 BuildRuleBuild.obj 中定义；已忽略第二个定义
BuildRule_Deploy.obj : warning LNK4006: "private: static char const * const DB::BuildRule_DeployData::table_" (?table_@BuildRule_DeployData@DB@@0PEBDEB) 已在 BuildRuleBuild.obj 中定义；已忽略第二个定义
Resource.obj : warning LNK4006: "public: static char const * * DB::ResourceData::names" (?names@ResourceData@DB@@2PAPEBDA) 已在 ResourceQuery.obj 中定义；已忽略第二个定义
Resource.obj : warning LNK4006: "private: static char const * const DB::ResourceData::table_" (?table_@ResourceData@DB@@0PEBDEB) 已在 ResourceQuery.obj 中定义；已忽略第二个定义
Resource_Host.obj : warning LNK4006: "public: static char const * * DB::Resource_HostData::names" (?names@Resource_HostData@DB@@2PAPEBDA) 已在 BuildRuleBuild.obj 中定义；已忽略第二个定义
Resource_Host.obj : warning LNK4006: "private: static char const * const DB::Resource_HostData::table_" (?table_@Resource_HostData@DB@@0PEBDEB) 已在 BuildRuleBuild.obj 中定义；已忽略第二个定义
Resource_SourceCode.obj : warning LNK4006: "public: static char const * * DB::Resource_SourceCodeData::names" (?names@Resource_SourceCodeData@DB@@2PAPEBDA) 已在 BuildRuleBuild.obj 中定义；已忽略第二个定义
Resource_SourceCode.obj : warning LNK4006: "private: static char const * const DB::Resource_SourceCodeData::table_" (?table_@Resource_SourceCodeData@DB@@0PEBDEB) 已在 BuildRuleBuild.obj 中定义；已忽略第二个定义
SourceCode_Deploy.obj : warning LNK4006: "public: static char const * * DB::SourceCode_DeployData::names" (?names@SourceCode_DeployData@DB@@2PAPEBDA) 已在 BuildRuleDeploy.obj 中定义；已忽略第二个定义
SourceCode_Deploy.obj : warning LNK4006: "private: static char const * const DB::SourceCode_DeployData::table_" (?table_@SourceCode_DeployData@DB@@0PEBDEB) 已在 BuildRuleDeploy.obj 中定义；已忽略第二个定义
Storage.obj : warning LNK4006: "public: static char const * * DB::StorageData::names" (?names@StorageData@DB@@2PAPEBDA) 已在 BuildRuleBuild.obj 中定义；已忽略第二个定义
Storage.obj : warning LNK4006: "private: static char const * const DB::StorageData::table_" (?table_@StorageData@DB@@0PEBDEB) 已在 BuildRuleBuild.obj 中定义；已忽略第二个定义
HttpClient.obj : warning LNK4006: "public: static char const * * DB::Resource_HostData::names" (?names@Resource_HostData@DB@@2PAPEBDA) 已在 BuildRuleBuild.obj 中定义；已忽略第二个定义
HttpClient.obj : warning LNK4006: "private: static char const * const DB::Resource_HostData::table_" (?table_@Resource_HostData@DB@@0PEBDEB) 已在 BuildRuleBuild.obj 中定义；已忽略第二个定义
LINK : warning LNK4098: 默认库“LIBCMT”与其他库的使用冲突；请使用 /NODEFAULTLIB:library
LINK : warning LNK4098: 默认库“MSVCRT”与其他库的使用冲突；请使用 /NODEFAULTLIB:library
E:\VersionBuild\bin\Debug\x64\VersionBuildServer.exe : warning LNK4088: 因 /FORCE 选项生成了映像；映像可能不能运行
  正在生成代码
  已完成代码的生成
BuildRuleDeploy.obj : warning LNK4006: "public: static char const * * DB::BuildRuleData::names" (?names@BuildRuleData@DB@@2PAPEBDA) 已在 BuildRuleBuild.obj 中定义；已忽略第二个定义
BuildRuleDeploy.obj : warning LNK4006: "private: static char const * const DB::BuildRuleData::table_" (?table_@BuildRuleData@DB@@0PEBDEB) 已在 BuildRuleBuild.obj 中定义；已忽略第二个定义
BuildRuleDeploy.obj : warning LNK4006: "public: static char const * * DB::BuildRule_DependData::names" (?names@BuildRule_DependData@DB@@2PAPEBDA) 已在 BuildRuleBuild.obj 中定义；已忽略第二个定义
BuildRuleDeploy.obj : warning LNK4006: "private: static char const * const DB::BuildRule_DependData::table_" (?table_@BuildRule_DependData@DB@@0PEBDEB) 已在 BuildRuleBuild.obj 中定义；已忽略第二个定义
BuildRuleDeploy.obj : warning LNK4006: "public: static char const * * DB::BuildResultData::names" (?names@BuildResultData@DB@@2PAPEBDA) 已在 BuildRuleBuild.obj 中定义；已忽略第二个定义
BuildRuleDeploy.obj : warning LNK4006: "private: static char const * const DB::BuildResultData::table_" (?table_@BuildResultData@DB@@0PEBDEB) 已在 BuildRuleBuild.obj 中定义；已忽略第二个定义
BuildRuleDeploy.obj : warning LNK4006: "public: static char const * * DB::Resource_SourceCodeData::names" (?names@Resource_SourceCodeData@DB@@2PAPEBDA) 已在 BuildRuleBuild.obj 中定义；已忽略第二个定义
BuildRuleDeploy.obj : warning LNK4006: "private: static char const * const DB::Resource_SourceCodeData::table_" (?table_@Resource_SourceCodeData@DB@@0PEBDEB) 已在 BuildRuleBuild.obj 中定义；已忽略第二个定义
BuildRuleDeploy.obj : warning LNK4006: "public: static char const * * DB::Resource_HostData::names" (?names@Resource_HostData@DB@@2PAPEBDA) 已在 BuildRuleBuild.obj 中定义；已忽略第二个定义
BuildRuleDeploy.obj : warning LNK4006: "private: static char const * const DB::Resource_HostData::table_" (?table_@Resource_HostData@DB@@0PEBDEB) 已在 BuildRuleBuild.obj 中定义；已忽略第二个定义
BuildRuleDeploy.obj : warning LNK4006: "public: static char const * * DB::StorageData::names" (?names@StorageData@DB@@2PAPEBDA) 已在 BuildRuleBuild.obj 中定义；已忽略第二个定义
BuildRuleDeploy.obj : warning LNK4006: "private: static char const * const DB::StorageData::table_" (?table_@StorageData@DB@@0PEBDEB) 已在 BuildRuleBuild.obj 中定义；已忽略第二个定义
BuildRuleQuery.obj : warning LNK4006: "public: static char const * * DB::BuildRuleData::names" (?names@BuildRuleData@DB@@2PAPEBDA) 已在 BuildRuleBuild.obj 中定义；已忽略第二个定义
BuildRuleQuery.obj : warning LNK4006: "private: static char const * const DB::BuildRuleData::table_" (?table_@BuildRuleData@DB@@0PEBDEB) 已在 BuildRuleBuild.obj 中定义；已忽略第二个定义
HostCreate.obj : warning LNK4006: "public: static char const * * DB::Resource_HostData::names" (?names@Resource_HostData@DB@@2PAPEBDA) 已在 BuildRuleBuild.obj 中定义；已忽略第二个定义
HostCreate.obj : warning LNK4006: "private: static char const * const DB::Resource_HostData::table_" (?table_@Resource_HostData@DB@@0PEBDEB) 已在 BuildRuleBuild.obj 中定义；已忽略第二个定义
HostQuery.obj : warning LNK4006: "public: static char const * * DB::Resource_HostData::names" (?names@Resource_HostData@DB@@2PAPEBDA) 已在 BuildRuleBuild.obj 中定义；已忽略第二个定义
HostQuery.obj : warning LNK4006: "private: static char const * const DB::Resource_HostData::table_" (?table_@Resource_HostData@DB@@0PEBDEB) 已在 BuildRuleBuild.obj 中定义；已忽略第二个定义
SourceCodeBuild.obj : warning LNK4006: "public: static char const * * DB::Resource_HostData::names" (?names@Resource_HostData@DB@@2PAPEBDA) 已在 BuildRuleBuild.obj 中定义；已忽略第二个定义
SourceCodeBuild.obj : warning LNK4006: "private: static char const * const DB::Resource_HostData::table_" (?table_@Resource_HostData@DB@@0PEBDEB) 已在 BuildRuleBuild.obj 中定义；已忽略第二个定义
SourceCodeBuild.obj : warning LNK4006: "public: static char const * * DB::SourceCode_DeployData::names" (?names@SourceCode_DeployData@DB@@2PAPEBDA) 已在 BuildRuleDeploy.obj 中定义；已忽略第二个定义
SourceCodeBuild.obj : warning LNK4006: "private: static char const * const DB::SourceCode_DeployData::table_" (?table_@SourceCode_DeployData@DB@@0PEBDEB) 已在 BuildRuleDeploy.obj 中定义；已忽略第二个定义
SourceCodeBuild.obj : warning LNK4006: "public: static char const * * DB::BuildRuleData::names" (?names@BuildRuleData@DB@@2PAPEBDA) 已在 BuildRuleBuild.obj 中定义；已忽略第二个定义
SourceCodeBuild.obj : warning LNK4006: "private: static char const * const DB::BuildRuleData::table_" (?table_@BuildRuleData@DB@@0PEBDEB) 已在 BuildRuleBuild.obj 中定义；已忽略第二个定义
SourceCodeBuild.obj : warning LNK4006: "public: static char const * * DB::BuildRule_DeployData::names" (?names@BuildRule_DeployData@DB@@2PAPEBDA) 已在 BuildRuleBuild.obj 中定义；已忽略第二个定义
SourceCodeBuild.obj : warning LNK4006: "private: static char const * const DB::BuildRule_DeployData::table_" (?table_@BuildRule_DeployData@DB@@0PEBDEB) 已在 BuildRuleBuild.obj 中定义；已忽略第二个定义
SourceCodeBuild.obj : warning LNK4006: "public: static char const * * DB::Resource_SourceCodeData::names" (?names@Resource_SourceCodeData@DB@@2PAPEBDA) 已在 BuildRuleBuild.obj 中定义；已忽略第二个定义
SourceCodeBuild.obj : warning LNK4006: "private: static char const * const DB::Resource_SourceCodeData::table_" (?table_@Resource_SourceCodeData@DB@@0PEBDEB) 已在 BuildRuleBuild.obj 中定义；已忽略第二个定义
SourceCodeCreate.obj : warning LNK4006: "public: static char const * * DB::Resource_SourceCodeData::names" (?names@Resource_SourceCodeData@DB@@2PAPEBDA) 已在 BuildRuleBuild.obj 中定义；已忽略第二个定义
SourceCodeCreate.obj : warning LNK4006: "private: static char const * const DB::Resource_SourceCodeData::table_" (?table_@Resource_SourceCodeData@DB@@0PEBDEB) 已在 BuildRuleBuild.obj 中定义；已忽略第二个定义
SourceCodeCreate.obj : warning LNK4006: "public: static char const * * DB::BuildRuleData::names" (?names@BuildRuleData@DB@@2PAPEBDA) 已在 BuildRuleBuild.obj 中定义；已忽略第二个定义
SourceCodeCreate.obj : warning LNK4006: "private: static char const * const DB::BuildRuleData::table_" (?table_@BuildRuleData@DB@@0PEBDEB) 已在 BuildRuleBuild.obj 中定义；已忽略第二个定义
SourceCodeCreate.obj : warning LNK4006: "public: static char const * * DB::BuildRule_DeployData::names" (?names@BuildRule_DeployData@DB@@2PAPEBDA) 已在 BuildRuleBuild.obj 中定义；已忽略第二个定义
SourceCodeCreate.obj : warning LNK4006: "private: static char const * const DB::BuildRule_DeployData::table_" (?table_@BuildRule_DeployData@DB@@0PEBDEB) 已在 BuildRuleBuild.obj 中定义；已忽略第二个定义
SourceCodeCreate.obj : warning LNK4006: "public: static char const * * DB::BuildRule_DependData::names" (?names@BuildRule_DependData@DB@@2PAPEBDA) 已在 BuildRuleBuild.obj 中定义；已忽略第二个定义
SourceCodeCreate.obj : warning LNK4006: "private: static char const * const DB::BuildRule_DependData::table_" (?table_@BuildRule_DependData@DB@@0PEBDEB) 已在 BuildRuleBuild.obj 中定义；已忽略第二个定义
SourceCodeDeploy.obj : warning LNK4006: "public: static char const * * DB::BuildRuleData::names" (?names@BuildRuleData@DB@@2PAPEBDA) 已在 BuildRuleBuild.obj 中定义；已忽略第二个定义
SourceCodeDeploy.obj : warning LNK4006: "private: static char const * const DB::BuildRuleData::table_" (?table_@BuildRuleData@DB@@0PEBDEB) 已在 BuildRuleBuild.obj 中定义；已忽略第二个定义
SourceCodeDeploy.obj : warning LNK4006: "public: static char const * * DB::BuildRule_DeployData::names" (?names@BuildRule_DeployData@DB@@2PAPEBDA) 已在 BuildRuleBuild.obj 中定义；已忽略第二个定义
SourceCodeDeploy.obj : warning LNK4006: "private: static char const * const DB::BuildRule_DeployData::table_" (?table_@BuildRule_DeployData@DB@@0PEBDEB) 已在 BuildRuleBuild.obj 中定义；已忽略第二个定义
SourceCodeDeploy.obj : warning LNK4006: "public: static char const * * DB::Resource_HostData::names" (?names@Resource_HostData@DB@@2PAPEBDA) 已在 BuildRuleBuild.obj 中定义；已忽略第二个定义
SourceCodeDeploy.obj : warning LNK4006: "private: static char const * const DB::Resource_HostData::table_" (?table_@Resource_HostData@DB@@0PEBDEB) 已在 BuildRuleBuild.obj 中定义；已忽略第二个定义
SourceCodeQuery.obj : warning LNK4006: "public: static char const * * DB::Resource_SourceCodeData::names" (?names@Resource_SourceCodeData@DB@@2PAPEBDA) 已在 BuildRuleBuild.obj 中定义；已忽略第二个定义
SourceCodeQuery.obj : warning LNK4006: "private: static char const * const DB::Resource_SourceCodeData::table_" (?table_@Resource_SourceCodeData@DB@@0PEBDEB) 已在 BuildRuleBuild.obj 中定义；已忽略第二个定义
StorageDownload.obj : warning LNK4006: "public: static char const * * DB::StorageData::names" (?names@StorageData@DB@@2PAPEBDA) 已在 BuildRuleBuild.obj 中定义；已忽略第二个定义
StorageDownload.obj : warning LNK4006: "private: static char const * const DB::StorageData::table_" (?table_@StorageData@DB@@0PEBDEB) 已在 BuildRuleBuild.obj 中定义；已忽略第二个定义
StorageDownload.obj : warning LNK4006: "public: static char const * * DB::Resource_HostData::names" (?names@Resource_HostData@DB@@2PAPEBDA) 已在 BuildRuleBuild.obj 中定义；已忽略第二个定义
StorageDownload.obj : warning LNK4006: "private: static char const * const DB::Resource_HostData::table_" (?table_@Resource_HostData@DB@@0PEBDEB) 已在 BuildRuleBuild.obj 中定义；已忽略第二个定义
StorageUpload.obj : warning LNK4006: "public: static char const * * DB::Resource_HostData::names" (?names@Resource_HostData@DB@@2PAPEBDA) 已在 BuildRuleBuild.obj 中定义；已忽略第二个定义
StorageUpload.obj : warning LNK4006: "private: static char const * const DB::Resource_HostData::table_" (?table_@Resource_HostData@DB@@0PEBDEB) 已在 BuildRuleBuild.obj 中定义；已忽略第二个定义
StorageUpload.obj : warning LNK4006: "public: static char const * * DB::StorageData::names" (?names@StorageData@DB@@2PAPEBDA) 已在 BuildRuleBuild.obj 中定义；已忽略第二个定义
StorageUpload.obj : warning LNK4006: "private: static char const * const DB::StorageData::table_" (?table_@StorageData@DB@@0PEBDEB) 已在 BuildRuleBuild.obj 中定义；已忽略第二个定义
BuildRuleController.obj : warning LNK4006: "public: static char const * * DB::Resource_SourceCodeData::names" (?names@Resource_SourceCodeData@DB@@2PAPEBDA) 已在 BuildRuleBuild.obj 中定义；已忽略第二个定义
BuildRuleController.obj : warning LNK4006: "private: static char const * const DB::Resource_SourceCodeData::table_" (?table_@Resource_SourceCodeData@DB@@0PEBDEB) 已在 BuildRuleBuild.obj 中定义；已忽略第二个定义
BuildRuleController.obj : warning LNK4006: "public: static char const * * DB::BuildRuleData::names" (?names@BuildRuleData@DB@@2PAPEBDA) 已在 BuildRuleBuild.obj 中定义；已忽略第二个定义
BuildRuleController.obj : warning LNK4006: "private: static char const * const DB::BuildRuleData::table_" (?table_@BuildRuleData@DB@@0PEBDEB) 已在 BuildRuleBuild.obj 中定义；已忽略第二个定义
BuildRuleController.obj : warning LNK4006: "public: static char const * * DB::BuildRule_DeployData::names" (?names@BuildRule_DeployData@DB@@2PAPEBDA) 已在 BuildRuleBuild.obj 中定义；已忽略第二个定义
BuildRuleController.obj : warning LNK4006: "private: static char const * const DB::BuildRule_DeployData::table_" (?table_@BuildRule_DeployData@DB@@0PEBDEB) 已在 BuildRuleBuild.obj 中定义；已忽略第二个定义
BuildRuleController.obj : warning LNK4006: "public: static char const * * DB::BuildRule_DependData::names" (?names@BuildRule_DependData@DB@@2PAPEBDA) 已在 BuildRuleBuild.obj 中定义；已忽略第二个定义
BuildRuleController.obj : warning LNK4006: "private: static char const * const DB::BuildRule_DependData::table_" (?table_@BuildRule_DependData@DB@@0PEBDEB) 已在 BuildRuleBuild.obj 中定义；已忽略第二个定义
BuildRuleController.obj : warning LNK4006: "public: static char const * * DB::BuildResultData::names" (?names@BuildResultData@DB@@2PAPEBDA) 已在 BuildRuleBuild.obj 中定义；已忽略第二个定义
BuildRuleController.obj : warning LNK4006: "private: static char const * const DB::BuildResultData::table_" (?table_@BuildResultData@DB@@0PEBDEB) 已在 BuildRuleBuild.obj 中定义；已忽略第二个定义
BuildRuleController.obj : warning LNK4006: "public: static char const * * DB::StorageData::names" (?names@StorageData@DB@@2PAPEBDA) 已在 BuildRuleBuild.obj 中定义；已忽略第二个定义
BuildRuleController.obj : warning LNK4006: "private: static char const * const DB::StorageData::table_" (?table_@StorageData@DB@@0PEBDEB) 已在 BuildRuleBuild.obj 中定义；已忽略第二个定义
BuildRuleController.obj : warning LNK4006: "public: static char const * * DB::Resource_HostData::names" (?names@Resource_HostData@DB@@2PAPEBDA) 已在 BuildRuleBuild.obj 中定义；已忽略第二个定义
BuildRuleController.obj : warning LNK4006: "private: static char const * const DB::Resource_HostData::table_" (?table_@Resource_HostData@DB@@0PEBDEB) 已在 BuildRuleBuild.obj 中定义；已忽略第二个定义
HostController.obj : warning LNK4006: "public: static char const * * DB::StorageData::names" (?names@StorageData@DB@@2PAPEBDA) 已在 BuildRuleBuild.obj 中定义；已忽略第二个定义
HostController.obj : warning LNK4006: "private: static char const * const DB::StorageData::table_" (?table_@StorageData@DB@@0PEBDEB) 已在 BuildRuleBuild.obj 中定义；已忽略第二个定义
SoftwarePackageController.obj : warning LNK4006: "public: static char const * * DB::StorageData::names" (?names@StorageData@DB@@2PAPEBDA) 已在 BuildRuleBuild.obj 中定义；已忽略第二个定义
SoftwarePackageController.obj : warning LNK4006: "private: static char const * const DB::StorageData::table_" (?table_@StorageData@DB@@0PEBDEB) 已在 BuildRuleBuild.obj 中定义；已忽略第二个定义
SourceCodeController.obj : warning LNK4006: "public: static char const * * DB::Resource_HostData::names" (?names@Resource_HostData@DB@@2PAPEBDA) 已在 BuildRuleBuild.obj 中定义；已忽略第二个定义
SourceCodeController.obj : warning LNK4006: "private: static char const * const DB::Resource_HostData::table_" (?table_@Resource_HostData@DB@@0PEBDEB) 已在 BuildRuleBuild.obj 中定义；已忽略第二个定义
StorageController.obj : warning LNK4006: "public: static char const * * DB::StorageData::names" (?names@StorageData@DB@@2PAPEBDA) 已在 BuildRuleBuild.obj 中定义；已忽略第二个定义
StorageController.obj : warning LNK4006: "private: static char const * const DB::StorageData::table_" (?table_@StorageData@DB@@0PEBDEB) 已在 BuildRuleBuild.obj 中定义；已忽略第二个定义
BuildResult.obj : warning LNK4006: "public: static char const * * DB::BuildResultData::names" (?names@BuildResultData@DB@@2PAPEBDA) 已在 BuildRuleBuild.obj 中定义；已忽略第二个定义
BuildResult.obj : warning LNK4006: "private: static char const * const DB::BuildResultData::table_" (?table_@BuildResultData@DB@@0PEBDEB) 已在 BuildRuleBuild.obj 中定义；已忽略第二个定义
BuildRule.obj : warning LNK4006: "public: static char const * * DB::BuildRuleData::names" (?names@BuildRuleData@DB@@2PAPEBDA) 已在 BuildRuleBuild.obj 中定义；已忽略第二个定义
BuildRule.obj : warning LNK4006: "private: static char const * const DB::BuildRuleData::table_" (?table_@BuildRuleData@DB@@0PEBDEB) 已在 BuildRuleBuild.obj 中定义；已忽略第二个定义
BuildRule_Depend.obj : warning LNK4006: "public: static char const * * DB::BuildRule_DependData::names" (?names@BuildRule_DependData@DB@@2PAPEBDA) 已在 BuildRuleBuild.obj 中定义；已忽略第二个定义
BuildRule_Depend.obj : warning LNK4006: "private: static char const * const DB::BuildRule_DependData::table_" (?table_@BuildRule_DependData@DB@@0PEBDEB) 已在 BuildRuleBuild.obj 中定义；已忽略第二个定义
BuildRule_Deploy.obj : warning LNK4006: "public: static char const * * DB::BuildRule_DeployData::names" (?names@BuildRule_DeployData@DB@@2PAPEBDA) 已在 BuildRuleBuild.obj 中定义；已忽略第二个定义
BuildRule_Deploy.obj : warning LNK4006: "private: static char const * const DB::BuildRule_DeployData::table_" (?table_@BuildRule_DeployData@DB@@0PEBDEB) 已在 BuildRuleBuild.obj 中定义；已忽略第二个定义
Resource.obj : warning LNK4006: "public: static char const * * DB::ResourceData::names" (?names@ResourceData@DB@@2PAPEBDA) 已在 ResourceQuery.obj 中定义；已忽略第二个定义
Resource.obj : warning LNK4006: "private: static char const * const DB::ResourceData::table_" (?table_@ResourceData@DB@@0PEBDEB) 已在 ResourceQuery.obj 中定义；已忽略第二个定义
Resource_Host.obj : warning LNK4006: "public: static char const * * DB::Resource_HostData::names" (?names@Resource_HostData@DB@@2PAPEBDA) 已在 BuildRuleBuild.obj 中定义；已忽略第二个定义
Resource_Host.obj : warning LNK4006: "private: static char const * const DB::Resource_HostData::table_" (?table_@Resource_HostData@DB@@0PEBDEB) 已在 BuildRuleBuild.obj 中定义；已忽略第二个定义
Resource_SourceCode.obj : warning LNK4006: "public: static char const * * DB::Resource_SourceCodeData::names" (?names@Resource_SourceCodeData@DB@@2PAPEBDA) 已在 BuildRuleBuild.obj 中定义；已忽略第二个定义
Resource_SourceCode.obj : warning LNK4006: "private: static char const * const DB::Resource_SourceCodeData::table_" (?table_@Resource_SourceCodeData@DB@@0PEBDEB) 已在 BuildRuleBuild.obj 中定义；已忽略第二个定义
SourceCode_Deploy.obj : warning LNK4006: "public: static char const * * DB::SourceCode_DeployData::names" (?names@SourceCode_DeployData@DB@@2PAPEBDA) 已在 BuildRuleDeploy.obj 中定义；已忽略第二个定义
SourceCode_Deploy.obj : warning LNK4006: "private: static char const * const DB::SourceCode_DeployData::table_" (?table_@SourceCode_DeployData@DB@@0PEBDEB) 已在 BuildRuleDeploy.obj 中定义；已忽略第二个定义
Storage.obj : warning LNK4006: "public: static char const * * DB::StorageData::names" (?names@StorageData@DB@@2PAPEBDA) 已在 BuildRuleBuild.obj 中定义；已忽略第二个定义
Storage.obj : warning LNK4006: "private: static char const * const DB::StorageData::table_" (?table_@StorageData@DB@@0PEBDEB) 已在 BuildRuleBuild.obj 中定义；已忽略第二个定义
HttpClient.obj : warning LNK4006: "public: static char const * * DB::Resource_HostData::names" (?names@Resource_HostData@DB@@2PAPEBDA) 已在 BuildRuleBuild.obj 中定义；已忽略第二个定义
HttpClient.obj : warning LNK4006: "private: static char const * const DB::Resource_HostData::table_" (?table_@Resource_HostData@DB@@0PEBDEB) 已在 BuildRuleBuild.obj 中定义；已忽略第二个定义
E:\VersionBuild\bin\Debug\x64\VersionBuildServer.exe : warning LNK4088: 因 /FORCE 选项生成了映像；映像可能不能运行
  VersionBuildServer.vcxproj -> E:\VersionBuild\bin\Debug\x64\VersionBuildServer.exe
  VersionBuildServer.vcxproj -> E:\VersionBuild\bin\Debug\x64\VersionBuildServer.exe
