  Rcc'ing version2.qrc...
  Moc'ing MainWindow.h...
  Moc'ing maintitlebar.h...
  Moc'ing centralwidget.h...
  Moc'ing statusbar.h...
  Moc'ing tabresource.h...
  Moc'ing tabapplication.h...
  Moc'ing dlgcreateresourcesourcecode.h...
  Moc'ing dlgcreateresourcecompressedfile.h...
  Moc'ing dlgcreateresourcehost.h...
  Moc'ing dlgcreateresourcefile.h...
  Moc'ing dlgtitlebar.h...
  Moc'ing dlgbase.h...
  Moc'ing dlgsubtitlebar.h...
  Moc'ing dlglineedit.h...
  Moc'ing dlgcreatebuildrule.h...
  Moc'ing dlgselecthost.h...
  Moc'ing dlgselectresourcesourcecode.h...
  Moc'ing dlgselectbuildruleplatform.h...
  Moc'ing delegateresourcelist.h...
  Moc'ing modelresourcelist.h...
  Moc'ing http.h...
  Moc'ing DB.h...
  moc_DB.cpp
  moc_MainWindow.cpp
  moc_centralwidget.cpp
  moc_delegateresourcelist.cpp
  moc_dlgbase.cpp
  moc_dlgcreatebuildrule.cpp
  moc_dlgcreateresourcecompressedfile.cpp
  moc_dlgcreateresourcefile.cpp
  moc_dlgcreateresourcehost.cpp
  moc_dlgcreateresourcesourcecode.cpp
  moc_dlglineedit.cpp
  moc_dlgselectbuildruleplatform.cpp
  moc_dlgselecthost.cpp
  moc_dlgselectresourcesourcecode.cpp
  moc_dlgsubtitlebar.cpp
  moc_dlgtitlebar.cpp
  moc_http.cpp
  moc_maintitlebar.cpp
  moc_modelresourcelist.cpp
  moc_statusbar.cpp
  moc_tabapplication.cpp
  moc_tabresource.cpp
  qrc_version2.cpp
  LINK : 没有找到 E:\VersionBuild\bin\Debug\x64\\Version2.exe 或上一个增量链接没有生成它；正在执行完全链接
  Version2.vcxproj -> E:\VersionBuild\bin\Debug\x64\Version2.exe
