E:\VERSIONBUILD\VERSION2\GENERATEDFILES\DEBUG\MOC_CENTRALWIDGET.CPP
E:\VERSIONBUILD\VERSION2\GENERATEDFILES\DEBUG\MOC_DELEGATERESOURCELIST.CPP
E:\VERSIONBUILD\VERSION2\GENERATEDFILES\DEBUG\MOC_DLGBASE.CPP
E:\VERSIONBUILD\VERSION2\GENERATEDFILES\DEBUG\MOC_DLGCREATEBUILDRULE.CPP
E:\VERSIONBUILD\VERSION2\GENERATEDFILES\DEBUG\MOC_DLGCREATERESOURCECOMPRESSEDFILE.CPP
E:\VERSIONBUILD\VERSION2\GENERATEDFILES\DEBUG\MOC_DLGCREATERESOURCEFILE.CPP
E:\VERSIONBUILD\VERSION2\GENERATEDFILES\DEBUG\MOC_DLGCREATERESOURCEHOST.CPP
E:\VERSIONBUILD\VERSION2\GENERATEDFILES\DEBUG\MOC_DLGCREATERESOURCESOURCECODE.CPP
E:\VERSIONBUILD\VERSION2\GENERATEDFILES\DEBUG\MOC_DLGLINEEDIT.CPP
E:\VERSIONBUILD\VERSION2\GENERATEDFILES\DEBUG\MOC_DLGSELECTBUILDRULEPLATFORM.CPP
E:\VERSIONBUILD\VERSION2\GENERATEDFILES\DEBUG\MOC_DLGSELECTHOST.CPP
E:\VERSIONBUILD\VERSION2\GENERATEDFILES\DEBUG\MOC_DLGSELECTRESOURCESOURCECODE.CPP
E:\VERSIONBUILD\VERSION2\GENERATEDFILES\DEBUG\MOC_DLGSUBTITLEBAR.CPP
E:\VERSIONBUILD\VERSION2\GENERATEDFILES\DEBUG\MOC_DLGTITLEBAR.CPP
E:\VERSIONBUILD\VERSION2\GENERATEDFILES\DEBUG\MOC_MAINTITLEBAR.CPP
E:\VERSIONBUILD\VERSION2\GENERATEDFILES\DEBUG\MOC_MAINWINDOW.CPP
E:\VERSIONBUILD\VERSION2\GENERATEDFILES\DEBUG\MOC_MODELRESOURCELIST.CPP
E:\VERSIONBUILD\VERSION2\GENERATEDFILES\DEBUG\MOC_STATUSBAR.CPP
E:\VERSIONBUILD\VERSION2\GENERATEDFILES\DEBUG\MOC_TABAPPLICATION.CPP
E:\VERSIONBUILD\VERSION2\GENERATEDFILES\DEBUG\MOC_TABRESOURCE.CPP
E:\VERSIONBUILD\VERSION2\GENERATEDFILES\QRC_VERSION2.CPP
E:\VERSIONBUILD\VERSION2\X64\DEBUG\CENTRALWIDGET.OBJ
E:\VersionBuild\Version2\x64\Debug\CL.1000.read.1.tlog
E:\VersionBuild\Version2\x64\Debug\CL.1000.write.1.tlog
E:\VersionBuild\Version2\x64\Debug\CL.10056.read.1.tlog
E:\VersionBuild\Version2\x64\Debug\CL.10056.write.1.tlog
E:\VersionBuild\Version2\x64\Debug\CL.10296.read.1.tlog
E:\VersionBuild\Version2\x64\Debug\CL.10296.write.1.tlog
E:\VersionBuild\Version2\x64\Debug\CL.10644.read.1.tlog
E:\VersionBuild\Version2\x64\Debug\CL.10644.write.1.tlog
E:\VersionBuild\Version2\x64\Debug\CL.10772.read.1.tlog
E:\VersionBuild\Version2\x64\Debug\CL.10772.write.1.tlog
E:\VersionBuild\Version2\x64\Debug\CL.112.read.1.tlog
E:\VersionBuild\Version2\x64\Debug\CL.112.write.1.tlog
E:\VersionBuild\Version2\x64\Debug\CL.11340.read.1.tlog
E:\VersionBuild\Version2\x64\Debug\CL.11340.write.1.tlog
E:\VersionBuild\Version2\x64\Debug\CL.11764.read.1.tlog
E:\VersionBuild\Version2\x64\Debug\CL.11764.write.1.tlog
E:\VersionBuild\Version2\x64\Debug\CL.12008.read.1.tlog
E:\VersionBuild\Version2\x64\Debug\CL.12008.write.1.tlog
E:\VersionBuild\Version2\x64\Debug\CL.12096.read.1.tlog
E:\VersionBuild\Version2\x64\Debug\CL.12096.write.1.tlog
E:\VersionBuild\Version2\x64\Debug\CL.12432.read.1.tlog
E:\VersionBuild\Version2\x64\Debug\CL.12432.write.1.tlog
E:\VersionBuild\Version2\x64\Debug\CL.12512.read.1.tlog
E:\VersionBuild\Version2\x64\Debug\CL.12512.write.1.tlog
E:\VersionBuild\Version2\x64\Debug\CL.12712.read.1.tlog
E:\VersionBuild\Version2\x64\Debug\CL.12712.write.1.tlog
E:\VersionBuild\Version2\x64\Debug\CL.12868.read.1.tlog
E:\VersionBuild\Version2\x64\Debug\CL.12868.write.1.tlog
E:\VersionBuild\Version2\x64\Debug\CL.13112.read.1.tlog
E:\VersionBuild\Version2\x64\Debug\CL.13112.write.1.tlog
E:\VersionBuild\Version2\x64\Debug\CL.13140.read.1.tlog
E:\VersionBuild\Version2\x64\Debug\CL.13140.write.1.tlog
E:\VersionBuild\Version2\x64\Debug\CL.13516.read.1.tlog
E:\VersionBuild\Version2\x64\Debug\CL.13516.write.1.tlog
E:\VersionBuild\Version2\x64\Debug\CL.13548.read.1.tlog
E:\VersionBuild\Version2\x64\Debug\CL.13548.write.1.tlog
E:\VersionBuild\Version2\x64\Debug\CL.13928.read.1.tlog
E:\VersionBuild\Version2\x64\Debug\CL.13928.write.1.tlog
E:\VersionBuild\Version2\x64\Debug\CL.1408.read.1.tlog
E:\VersionBuild\Version2\x64\Debug\CL.1408.write.1.tlog
E:\VersionBuild\Version2\x64\Debug\CL.14116.read.1.tlog
E:\VersionBuild\Version2\x64\Debug\CL.14116.write.1.tlog
E:\VersionBuild\Version2\x64\Debug\CL.14480.read.1.tlog
E:\VersionBuild\Version2\x64\Debug\CL.14480.write.1.tlog
E:\VersionBuild\Version2\x64\Debug\CL.14800.read.1.tlog
E:\VersionBuild\Version2\x64\Debug\CL.14800.write.1.tlog
E:\VersionBuild\Version2\x64\Debug\CL.15088.read.1.tlog
E:\VersionBuild\Version2\x64\Debug\CL.15088.write.1.tlog
E:\VersionBuild\Version2\x64\Debug\CL.15372.read.1.tlog
E:\VersionBuild\Version2\x64\Debug\CL.15372.write.1.tlog
E:\VersionBuild\Version2\x64\Debug\CL.15824.read.1.tlog
E:\VersionBuild\Version2\x64\Debug\CL.15824.write.1.tlog
E:\VersionBuild\Version2\x64\Debug\CL.15936.read.1.tlog
E:\VersionBuild\Version2\x64\Debug\CL.15936.write.1.tlog
E:\VersionBuild\Version2\x64\Debug\CL.16620.read.1.tlog
E:\VersionBuild\Version2\x64\Debug\CL.16620.write.1.tlog
E:\VersionBuild\Version2\x64\Debug\CL.16756.read.1.tlog
E:\VersionBuild\Version2\x64\Debug\CL.16756.write.1.tlog
E:\VersionBuild\Version2\x64\Debug\CL.17368.read.1.tlog
E:\VersionBuild\Version2\x64\Debug\CL.17368.write.1.tlog
E:\VersionBuild\Version2\x64\Debug\CL.17456.read.1.tlog
E:\VersionBuild\Version2\x64\Debug\CL.17456.write.1.tlog
E:\VersionBuild\Version2\x64\Debug\CL.17576.read.1.tlog
E:\VersionBuild\Version2\x64\Debug\CL.17576.write.1.tlog
E:\VersionBuild\Version2\x64\Debug\CL.17804.read.1.tlog
E:\VersionBuild\Version2\x64\Debug\CL.17804.write.1.tlog
E:\VersionBuild\Version2\x64\Debug\CL.18004.read.1.tlog
E:\VersionBuild\Version2\x64\Debug\CL.18004.write.1.tlog
E:\VersionBuild\Version2\x64\Debug\CL.18608.read.1.tlog
E:\VersionBuild\Version2\x64\Debug\CL.18608.write.1.tlog
E:\VersionBuild\Version2\x64\Debug\CL.18952.read.1.tlog
E:\VersionBuild\Version2\x64\Debug\CL.18952.write.1.tlog
E:\VersionBuild\Version2\x64\Debug\CL.1920.read.1.tlog
E:\VersionBuild\Version2\x64\Debug\CL.1920.write.1.tlog
E:\VersionBuild\Version2\x64\Debug\CL.1968.read.1.tlog
E:\VersionBuild\Version2\x64\Debug\CL.1968.write.1.tlog
E:\VersionBuild\Version2\x64\Debug\CL.2076.read.1.tlog
E:\VersionBuild\Version2\x64\Debug\CL.2076.write.1.tlog
E:\VersionBuild\Version2\x64\Debug\CL.2500.read.1.tlog
E:\VersionBuild\Version2\x64\Debug\CL.2500.write.1.tlog
E:\VersionBuild\Version2\x64\Debug\CL.3420.read.1.tlog
E:\VersionBuild\Version2\x64\Debug\CL.3420.write.1.tlog
E:\VersionBuild\Version2\x64\Debug\CL.4432.read.1.tlog
E:\VersionBuild\Version2\x64\Debug\CL.4432.write.1.tlog
E:\VersionBuild\Version2\x64\Debug\CL.5312.read.1.tlog
E:\VersionBuild\Version2\x64\Debug\CL.5312.write.1.tlog
E:\VersionBuild\Version2\x64\Debug\CL.7360.read.1.tlog
E:\VersionBuild\Version2\x64\Debug\CL.7360.write.1.tlog
E:\VersionBuild\Version2\x64\Debug\CL.7416.read.1.tlog
E:\VersionBuild\Version2\x64\Debug\CL.7416.write.1.tlog
E:\VersionBuild\Version2\x64\Debug\CL.7440.read.1.tlog
E:\VersionBuild\Version2\x64\Debug\CL.7440.write.1.tlog
E:\VersionBuild\Version2\x64\Debug\CL.7528.read.1.tlog
E:\VersionBuild\Version2\x64\Debug\CL.7528.write.1.tlog
E:\VersionBuild\Version2\x64\Debug\CL.8740.read.1.tlog
E:\VersionBuild\Version2\x64\Debug\CL.8740.write.1.tlog
E:\VersionBuild\Version2\x64\Debug\CL.8764.read.1.tlog
E:\VersionBuild\Version2\x64\Debug\CL.8764.write.1.tlog
E:\VersionBuild\Version2\x64\Debug\CL.8824.read.1.tlog
E:\VersionBuild\Version2\x64\Debug\CL.8824.write.1.tlog
E:\VersionBuild\Version2\x64\Debug\CL.9400.read.1.tlog
E:\VersionBuild\Version2\x64\Debug\CL.9400.write.1.tlog
E:\VersionBuild\Version2\x64\Debug\cl.command.1.tlog
E:\VersionBuild\Version2\x64\Debug\CL.read.1.tlog
E:\VersionBuild\Version2\x64\Debug\cl.write.1.tlog
E:\VersionBuild\Version2\x64\Debug\custombuild.command.1.tlog
E:\VersionBuild\Version2\x64\Debug\custombuild.read.1.tlog
E:\VersionBuild\Version2\x64\Debug\custombuild.write.1.tlog
E:\VERSIONBUILD\VERSION2\X64\DEBUG\DELEGATERESOURCELIST.OBJ
E:\VERSIONBUILD\VERSION2\X64\DEBUG\DLGBASE.OBJ
E:\VERSIONBUILD\VERSION2\X64\DEBUG\DLGCREATEBUILDRULE.OBJ
E:\VERSIONBUILD\VERSION2\X64\DEBUG\DLGCREATERESOURCECOMPRESSEDFILE.OBJ
E:\VERSIONBUILD\VERSION2\X64\DEBUG\DLGCREATERESOURCEFILE.OBJ
E:\VERSIONBUILD\VERSION2\X64\DEBUG\DLGCREATERESOURCEHOST.OBJ
E:\VERSIONBUILD\VERSION2\X64\DEBUG\DLGCREATERESOURCESOURCECODE.OBJ
E:\VERSIONBUILD\VERSION2\X64\DEBUG\DLGLINEEDIT.OBJ
E:\VERSIONBUILD\VERSION2\X64\DEBUG\DLGSELECTBUILDRULEPLATFORM.OBJ
E:\VERSIONBUILD\VERSION2\X64\DEBUG\DLGSELECTHOST.OBJ
E:\VERSIONBUILD\VERSION2\X64\DEBUG\DLGSELECTRESOURCESOURCECODE.OBJ
E:\VERSIONBUILD\VERSION2\X64\DEBUG\DLGSUBTITLEBAR.OBJ
E:\VERSIONBUILD\VERSION2\X64\DEBUG\DLGTITLEBAR.OBJ
E:\VersionBuild\Version2\x64\Debug\link.command.1.tlog
E:\VersionBuild\Version2\x64\Debug\link.read.1.tlog
E:\VersionBuild\Version2\x64\Debug\link.write.1.tlog
E:\VERSIONBUILD\VERSION2\X64\DEBUG\MAIN.OBJ
E:\VERSIONBUILD\VERSION2\X64\DEBUG\MAINTITLEBAR.OBJ
E:\VERSIONBUILD\VERSION2\X64\DEBUG\MAINWINDOW.OBJ
E:\VERSIONBUILD\VERSION2\X64\DEBUG\MOC_CENTRALWIDGET.OBJ
E:\VERSIONBUILD\VERSION2\X64\DEBUG\MOC_DELEGATERESOURCELIST.OBJ
E:\VERSIONBUILD\VERSION2\X64\DEBUG\MOC_DLGBASE.OBJ
E:\VERSIONBUILD\VERSION2\X64\DEBUG\MOC_DLGCREATEBUILDRULE.OBJ
E:\VERSIONBUILD\VERSION2\X64\DEBUG\MOC_DLGCREATERESOURCECOMPRESSEDFILE.OBJ
E:\VERSIONBUILD\VERSION2\X64\DEBUG\MOC_DLGCREATERESOURCEFILE.OBJ
E:\VERSIONBUILD\VERSION2\X64\DEBUG\MOC_DLGCREATERESOURCEHOST.OBJ
E:\VERSIONBUILD\VERSION2\X64\DEBUG\MOC_DLGCREATERESOURCESOURCECODE.OBJ
E:\VERSIONBUILD\VERSION2\X64\DEBUG\MOC_DLGLINEEDIT.OBJ
E:\VERSIONBUILD\VERSION2\X64\DEBUG\MOC_DLGSELECTBUILDRULEPLATFORM.OBJ
E:\VERSIONBUILD\VERSION2\X64\DEBUG\MOC_DLGSELECTHOST.OBJ
E:\VERSIONBUILD\VERSION2\X64\DEBUG\MOC_DLGSELECTRESOURCESOURCECODE.OBJ
E:\VERSIONBUILD\VERSION2\X64\DEBUG\MOC_DLGSUBTITLEBAR.OBJ
E:\VERSIONBUILD\VERSION2\X64\DEBUG\MOC_DLGTITLEBAR.OBJ
E:\VERSIONBUILD\VERSION2\X64\DEBUG\MOC_MAINTITLEBAR.OBJ
E:\VERSIONBUILD\VERSION2\X64\DEBUG\MOC_MAINWINDOW.OBJ
E:\VERSIONBUILD\VERSION2\X64\DEBUG\MOC_MODELRESOURCELIST.OBJ
E:\VERSIONBUILD\VERSION2\X64\DEBUG\MOC_STATUSBAR.OBJ
E:\VERSIONBUILD\VERSION2\X64\DEBUG\MOC_TABAPPLICATION.OBJ
E:\VERSIONBUILD\VERSION2\X64\DEBUG\MOC_TABRESOURCE.OBJ
E:\VERSIONBUILD\VERSION2\X64\DEBUG\MODELRESOURCELIST.OBJ
E:\VersionBuild\Version2\x64\Debug\mt.command.1.tlog
E:\VersionBuild\Version2\x64\Debug\mt.read.1.tlog
E:\VersionBuild\Version2\x64\Debug\mt.write.1.tlog
E:\VERSIONBUILD\VERSION2\X64\DEBUG\QRC_VERSION2.OBJ
E:\VERSIONBUILD\VERSION2\X64\DEBUG\STATUSBAR.OBJ
E:\VERSIONBUILD\VERSION2\X64\DEBUG\TABAPPLICATION.OBJ
E:\VERSIONBUILD\VERSION2\X64\DEBUG\TABRESOURCE.OBJ
E:\VERSIONBUILD\VERSION2\X64\DEBUG\VC100.PDB
E:\VERSIONBUILD\VERSION2\X64\DEBUG\VERSION2.EXE.INTERMEDIATE.MANIFEST
E:\VERSIONBUILD\X64\DEBUG\VERSION2.EXE
E:\VERSIONBUILD\X64\DEBUG\VERSION2.ILK
E:\VERSIONBUILD\X64\DEBUG\VERSION2.PDB
