E:\VERSIONBUILD\BIN\DEBUG\X64\PLUGINSERVER.EXE
E:\VERSIONBUILD\BIN\DEBUG\X64\PLUGINSERVER.ILK
E:\VERSIONBUILD\BIN\DEBUG\X64\PLUGINSERVER.PDB
E:\VersionBuild\cache\PluginServer\Debug\CL.10172.read.1.tlog
E:\VersionBuild\cache\PluginServer\Debug\CL.10172.write.1.tlog
E:\VersionBuild\cache\PluginServer\Debug\CL.10452.read.1.tlog
E:\VersionBuild\cache\PluginServer\Debug\CL.10452.write.1.tlog
E:\VersionBuild\cache\PluginServer\Debug\CL.13300.read.1.tlog
E:\VersionBuild\cache\PluginServer\Debug\CL.13300.write.1.tlog
E:\VersionBuild\cache\PluginServer\Debug\CL.15852.read.1.tlog
E:\VersionBuild\cache\PluginServer\Debug\CL.15852.write.1.tlog
E:\VersionBuild\cache\PluginServer\Debug\CL.2460.read.1.tlog
E:\VersionBuild\cache\PluginServer\Debug\CL.2460.write.1.tlog
E:\VersionBuild\cache\PluginServer\Debug\CL.5404.read.1.tlog
E:\VersionBuild\cache\PluginServer\Debug\CL.5404.write.1.tlog
E:\VersionBuild\cache\PluginServer\Debug\CL.5816.read.1.tlog
E:\VersionBuild\cache\PluginServer\Debug\CL.5816.write.1.tlog
E:\VersionBuild\cache\PluginServer\Debug\CL.9252.read.1.tlog
E:\VersionBuild\cache\PluginServer\Debug\CL.9252.write.1.tlog
E:\VersionBuild\cache\PluginServer\Debug\cl.command.1.tlog
E:\VersionBuild\cache\PluginServer\Debug\CL.read.1.tlog
E:\VersionBuild\cache\PluginServer\Debug\cl.write.1.tlog
E:\VersionBuild\cache\PluginServer\Debug\Common.obj
E:\VersionBuild\cache\PluginServer\Debug\HttpServer.obj
E:\VersionBuild\cache\PluginServer\Debug\HttpServerItem.obj
E:\VersionBuild\cache\PluginServer\Debug\link.6200.read.1.tlog
E:\VersionBuild\cache\PluginServer\Debug\link.6200.write.1.tlog
E:\VersionBuild\cache\PluginServer\Debug\link.6200-cvtres.read.1.tlog
E:\VersionBuild\cache\PluginServer\Debug\link.6200-cvtres.write.1.tlog
E:\VersionBuild\cache\PluginServer\Debug\link.command.1.tlog
E:\VersionBuild\cache\PluginServer\Debug\link.read.1.tlog
E:\VersionBuild\cache\PluginServer\Debug\link.write.1.tlog
E:\VersionBuild\cache\PluginServer\Debug\link-cvtres.read.1.tlog
E:\VersionBuild\cache\PluginServer\Debug\link-cvtres.write.1.tlog
E:\VersionBuild\cache\PluginServer\Debug\main.obj
E:\VersionBuild\cache\PluginServer\Debug\mt.command.1.tlog
E:\VersionBuild\cache\PluginServer\Debug\mt.read.1.tlog
E:\VersionBuild\cache\PluginServer\Debug\mt.write.1.tlog
E:\VersionBuild\cache\PluginServer\Debug\PluginCenter.obj
E:\VERSIONBUILD\CACHE\PLUGINSERVER\DEBUG\PLUGINSERVER.EXE.EMBED.MANIFEST
E:\VERSIONBUILD\CACHE\PLUGINSERVER\DEBUG\PLUGINSERVER.EXE.EMBED.MANIFEST.RES
E:\VERSIONBUILD\CACHE\PLUGINSERVER\DEBUG\PLUGINSERVER.EXE.INTERMEDIATE.MANIFEST
E:\VersionBuild\cache\PluginServer\Debug\PluginServer_manifest.rc
E:\VersionBuild\cache\PluginServer\Debug\PluginService.obj
E:\VersionBuild\cache\PluginServer\Debug\PluginTask.obj
E:\VersionBuild\cache\PluginServer\Debug\rc.command.1.tlog
E:\VersionBuild\cache\PluginServer\Debug\rc.read.1.tlog
E:\VersionBuild\cache\PluginServer\Debug\rc.write.1.tlog
E:\VersionBuild\cache\PluginServer\Debug\Service.obj
E:\VersionBuild\cache\PluginServer\Debug\stdafx.obj
E:\VersionBuild\cache\PluginServer\Debug\SystemConfig.obj
E:\VersionBuild\cache\PluginServer\Debug\Task.obj
E:\VersionBuild\cache\PluginServer\Debug\TaskServer.obj
E:\VERSIONBUILD\CACHE\PLUGINSERVER\DEBUG\VC100.PDB
