E:\VERSIONBUILD\BIN\DEBUG\X64\MICROSERVICEPLUGINS\F1F1420F-F69D-44CC-A454-313D05F81959\1\PLUGIN_SERVICEMASTERSTORAGE.DLL
E:\VersionBuild\bin\Debug\x64\MicroServicePlugins\f1f1420f-f69d-44cc-a454-313d05f81959\1\plugin_ServiceMasterStorage.exp
E:\VersionBuild\bin\Debug\x64\MicroServicePlugins\f1f1420f-f69d-44cc-a454-313d05f81959\1\plugin_ServiceMasterStorage.ilk
E:\VersionBuild\bin\Debug\x64\MicroServicePlugins\f1f1420f-f69d-44cc-a454-313d05f81959\1\plugin_ServiceMasterStorage.lib
E:\VERSIONBUILD\BIN\DEBUG\X64\MICROSERVICEPLUGINS\F1F1420F-F69D-44CC-A454-313D05F81959\1\PLUGIN_SERVICEMASTERSTORAGE.PDB
E:\VERSIONBUILD\CACHE\SERVICEMASTERSTORAGE\DEBUG\BLOCK.OBJ
E:\VersionBuild\cache\ServiceMasterStorage\Debug\cl.command.1.tlog
E:\VersionBuild\cache\ServiceMasterStorage\Debug\CL.read.1.tlog
E:\VersionBuild\cache\ServiceMasterStorage\Debug\CL.write.1.tlog
E:\VERSIONBUILD\CACHE\SERVICEMASTERSTORAGE\DEBUG\COMMON.OBJ
E:\VERSIONBUILD\CACHE\SERVICEMASTERSTORAGE\DEBUG\CREATEEXECUTABLEROLEDEPLOYMENTINFORMATION.OBJ
E:\VERSIONBUILD\CACHE\SERVICEMASTERSTORAGE\DEBUG\CREATEHOST.OBJ
E:\VERSIONBUILD\CACHE\SERVICEMASTERSTORAGE\DEBUG\DATABASE.OBJ
E:\VERSIONBUILD\CACHE\SERVICEMASTERSTORAGE\DEBUG\DELETEEXECUTABLEROLEDEPLOYMENTINFORMATION.OBJ
E:\VERSIONBUILD\CACHE\SERVICEMASTERSTORAGE\DEBUG\DELETEHOST.OBJ
E:\VERSIONBUILD\CACHE\SERVICEMASTERSTORAGE\DEBUG\DLLMAIN.OBJ
E:\VERSIONBUILD\CACHE\SERVICEMASTERSTORAGE\DEBUG\EXECUTABLE_ROLE.OBJ
E:\VERSIONBUILD\CACHE\SERVICEMASTERSTORAGE\DEBUG\EXECUTABLE_ROLE_DEPLOY.OBJ
E:\VERSIONBUILD\CACHE\SERVICEMASTERSTORAGE\DEBUG\HOST.OBJ
E:\VERSIONBUILD\CACHE\SERVICEMASTERSTORAGE\DEBUG\HTTPREQUESTEXCEPTION.OBJ
E:\VersionBuild\cache\ServiceMasterStorage\Debug\link.13508.read.1.tlog
E:\VersionBuild\cache\ServiceMasterStorage\Debug\link.13508.write.1.tlog
E:\VersionBuild\cache\ServiceMasterStorage\Debug\link.13508-cvtres.read.1.tlog
E:\VersionBuild\cache\ServiceMasterStorage\Debug\link.13508-cvtres.write.1.tlog
E:\VersionBuild\cache\ServiceMasterStorage\Debug\link.3792.read.1.tlog
E:\VersionBuild\cache\ServiceMasterStorage\Debug\link.3792.write.1.tlog
E:\VersionBuild\cache\ServiceMasterStorage\Debug\link.3792-cvtres.read.1.tlog
E:\VersionBuild\cache\ServiceMasterStorage\Debug\link.3792-cvtres.write.1.tlog
E:\VersionBuild\cache\ServiceMasterStorage\Debug\link.4432.read.1.tlog
E:\VersionBuild\cache\ServiceMasterStorage\Debug\link.4432.write.1.tlog
E:\VersionBuild\cache\ServiceMasterStorage\Debug\link.command.1.tlog
E:\VersionBuild\cache\ServiceMasterStorage\Debug\link.read.1.tlog
E:\VersionBuild\cache\ServiceMasterStorage\Debug\link.write.1.tlog
E:\VERSIONBUILD\CACHE\SERVICEMASTERSTORAGE\DEBUG\MODIFYEXECUTABLEROLEDEPLOYMENTINFORMATION.OBJ
E:\VERSIONBUILD\CACHE\SERVICEMASTERSTORAGE\DEBUG\MODIFYHOST.OBJ
E:\VersionBuild\cache\ServiceMasterStorage\Debug\mt.command.1.tlog
E:\VersionBuild\cache\ServiceMasterStorage\Debug\mt.read.1.tlog
E:\VersionBuild\cache\ServiceMasterStorage\Debug\mt.write.1.tlog
E:\VERSIONBUILD\CACHE\SERVICEMASTERSTORAGE\DEBUG\PLUGIN_SERVICEMASTERSTORAGE.DLL.EMBED.MANIFEST
E:\VERSIONBUILD\CACHE\SERVICEMASTERSTORAGE\DEBUG\PLUGIN_SERVICEMASTERSTORAGE.DLL.EMBED.MANIFEST.RES
E:\VERSIONBUILD\CACHE\SERVICEMASTERSTORAGE\DEBUG\PLUGIN_SERVICEMASTERSTORAGE.DLL.INTERMEDIATE.MANIFEST
E:\VersionBuild\cache\ServiceMasterStorage\Debug\plugin_ServiceMasterStorage_manifest.rc
E:\VERSIONBUILD\CACHE\SERVICEMASTERSTORAGE\DEBUG\QUERYEXECUTABLEROLE.OBJ
E:\VERSIONBUILD\CACHE\SERVICEMASTERSTORAGE\DEBUG\QUERYEXECUTABLEROLEDEPLOYMENTINFORMATION.OBJ
E:\VERSIONBUILD\CACHE\SERVICEMASTERSTORAGE\DEBUG\QUERYHOST.OBJ
E:\VersionBuild\cache\ServiceMasterStorage\Debug\rc.command.1.tlog
E:\VersionBuild\cache\ServiceMasterStorage\Debug\rc.read.1.tlog
E:\VersionBuild\cache\ServiceMasterStorage\Debug\rc.write.1.tlog
E:\VERSIONBUILD\CACHE\SERVICEMASTERSTORAGE\DEBUG\ROUTECALLBACKSET.OBJ
E:\VERSIONBUILD\CACHE\SERVICEMASTERSTORAGE\DEBUG\SERVICEMASTERSTORAGE.OBJ
E:\VersionBuild\cache\ServiceMasterStorage\Debug\ServiceMasterStorage.write.1.tlog
E:\VERSIONBUILD\CACHE\SERVICEMASTERSTORAGE\DEBUG\STDAFX.OBJ
E:\VERSIONBUILD\CACHE\SERVICEMASTERSTORAGE\DEBUG\STORAGE.OBJ
E:\VERSIONBUILD\CACHE\SERVICEMASTERSTORAGE\DEBUG\SYSTEMCONFIG.OBJ
E:\VersionBuild\cache\ServiceMasterStorage\Debug\vc100.idb
E:\VERSIONBUILD\CACHE\SERVICEMASTERSTORAGE\DEBUG\VC100.PDB
