e:\workspace\versionbuild\version2\debug\statusbar.obj
e:\workspace\versionbuild\version2\debug\moc_statusbar.obj
e:\workspace\versionbuild\version2\debug\vc100.pdb
e:\workspace\versionbuild\version2\debug\titlebar.obj
e:\workspace\versionbuild\version2\debug\centralwidget.obj
e:\workspace\versionbuild\version2\debug\mainwindow.obj
e:\workspace\versionbuild\version2\debug\main.obj
e:\workspace\versionbuild\version2\debug\moc_titlebar.obj
e:\workspace\versionbuild\version2\debug\moc_centralwidget.obj
e:\workspace\versionbuild\version2\debug\moc_mainwindow.obj
e:\workspace\versionbuild\version2\debug\maintitlebar.obj
e:\workspace\versionbuild\version2\debug\moc_maintitlebar.obj
e:\workspace\versionbuild\version2\debug\qrc_version2.obj
e:\workspace\versionbuild\version2\generatedfiles\qrc_version2.cpp
e:\workspace\versionbuild\version2\generatedfiles\debug\moc_mainwindow.cpp
e:\workspace\versionbuild\version2\generatedfiles\debug\moc_statusbar.cpp
e:\workspace\versionbuild\version2\generatedfiles\debug\moc_maintitlebar.cpp
e:\workspace\versionbuild\version2\generatedfiles\debug\moc_centralwidget.cpp
e:\workspace\versionbuild\version2\win32\debug\version2.ilk
e:\workspace\versionbuild\version2\win32\debug\version2.exe
e:\workspace\versionbuild\version2\debug\version2.exe.intermediate.manifest
e:\workspace\versionbuild\version2\win32\debug\version2.pdb
e:\workspace\versionbuild\version2\debug\cl.command.1.tlog
e:\workspace\versionbuild\version2\debug\cl.read.1.tlog
e:\workspace\versionbuild\version2\debug\cl.write.1.tlog
e:\workspace\versionbuild\version2\debug\custombuild.command.1.tlog
e:\workspace\versionbuild\version2\debug\custombuild.read.1.tlog
e:\workspace\versionbuild\version2\debug\custombuild.write.1.tlog
e:\workspace\versionbuild\version2\debug\link.command.1.tlog
e:\workspace\versionbuild\version2\debug\link.read.1.tlog
e:\workspace\versionbuild\version2\debug\link.write.1.tlog
e:\workspace\versionbuild\version2\debug\mt.command.1.tlog
e:\workspace\versionbuild\version2\debug\mt.read.1.tlog
e:\workspace\versionbuild\version2\debug\mt.write.1.tlog
