  SourceCodeService.cpp
e:\versionbuild - 副本\sourcecodeservice\RouteCallBackSet.h(4): error C2143: 语法错误 : 缺少“;”(在“<class-head>”的前面)
  RouteCallBackSet.cpp
  SourceCodeDeploy.cpp
Business\SourceCodeDeploy.cpp(21): error C2065: “m_szBuf”: 未声明的标识符
Business\SourceCodeDeploy.cpp(22): error C2065: “m_szBuf”: 未声明的标识符
Business\SourceCodeDeploy.cpp(22): error C2227: “->all”的左边必须指向类/结构/联合/泛型类型
  SourceCodeCreate.cpp
Business\SourceCodeCreate.cpp(95): error C2065: “m_rdInData”: 未声明的标识符
Business\SourceCodeCreate.cpp(95): error C2228: “.jData”的左边必须有类/结构/联合
          类型是“'unknown-type'”
Business\SourceCodeCreate.cpp(95): error C2228: “.asString”的左边必须有类/结构/联合
Business\SourceCodeCreate.cpp(96): error C2065: “m_rdInData”: 未声明的标识符
Business\SourceCodeCreate.cpp(96): error C2228: “.jData”的左边必须有类/结构/联合
          类型是“'unknown-type'”
Business\SourceCodeCreate.cpp(96): error C2228: “.asString”的左边必须有类/结构/联合
Business\SourceCodeCreate.cpp(97): error C2065: “m_szBuf”: 未声明的标识符
Business\SourceCodeCreate.cpp(98): error C2065: “m_szBuf”: 未声明的标识符
Business\SourceCodeCreate.cpp(99): error C2065: “m_rdInData”: 未声明的标识符
Business\SourceCodeCreate.cpp(99): error C2228: “.jData”的左边必须有类/结构/联合
          类型是“'unknown-type'”
Business\SourceCodeCreate.cpp(99): error C2228: “.asString”的左边必须有类/结构/联合
Business\SourceCodeCreate.cpp(100): error C2065: “m_szBuf”: 未声明的标识符
Business\SourceCodeCreate.cpp(101): error C2065: “m_szBuf”: 未声明的标识符
Business\SourceCodeCreate.cpp(102): error C2065: “m_rdInData”: 未声明的标识符
Business\SourceCodeCreate.cpp(102): error C2228: “.jData”的左边必须有类/结构/联合
          类型是“'unknown-type'”
Business\SourceCodeCreate.cpp(102): error C2228: “.asString”的左边必须有类/结构/联合
Business\SourceCodeCreate.cpp(103): error C2065: “m_szBuf”: 未声明的标识符
Business\SourceCodeCreate.cpp(104): error C2065: “m_szBuf”: 未声明的标识符
Business\SourceCodeCreate.cpp(105): error C2065: “m_rdInData”: 未声明的标识符
Business\SourceCodeCreate.cpp(105): error C2228: “.jData”的左边必须有类/结构/联合
          类型是“'unknown-type'”
Business\SourceCodeCreate.cpp(105): error C2228: “.asInt”的左边必须有类/结构/联合
Business\SourceCodeCreate.cpp(107): error C2065: “m_rdInData”: 未声明的标识符
Business\SourceCodeCreate.cpp(107): error C2228: “.jData”的左边必须有类/结构/联合
          类型是“'unknown-type'”
Business\SourceCodeCreate.cpp(107): error C2228: “.asInt”的左边必须有类/结构/联合
Business\SourceCodeCreate.cpp(108): error C2065: “m_rdInData”: 未声明的标识符
Business\SourceCodeCreate.cpp(108): error C2228: “.jData”的左边必须有类/结构/联合
          类型是“'unknown-type'”
Business\SourceCodeCreate.cpp(108): error C2228: “.asInt”的左边必须有类/结构/联合
Business\SourceCodeCreate.cpp(109): error C2065: “m_rdInData”: 未声明的标识符
Business\SourceCodeCreate.cpp(109): error C2228: “.jData”的左边必须有类/结构/联合
          类型是“'unknown-type'”
Business\SourceCodeCreate.cpp(109): error C2228: “.asInt”的左边必须有类/结构/联合
Business\SourceCodeCreate.cpp(117): error C2065: “m_rdInData”: 未声明的标识符
Business\SourceCodeCreate.cpp(117): error C2228: “.jData”的左边必须有类/结构/联合
          类型是“'unknown-type'”
Business\SourceCodeCreate.cpp(118): warning C4018: “<”: 有符号/无符号不匹配
Business\SourceCodeCreate.cpp(166): warning C4018: “<”: 有符号/无符号不匹配
  SourceCodeBuild.cpp
Business\SourceCodeBuild.cpp(30): error C2065: “m_rdInData”: 未声明的标识符
Business\SourceCodeBuild.cpp(30): error C2228: “.jData”的左边必须有类/结构/联合
          类型是“'unknown-type'”
Business\SourceCodeBuild.cpp(30): error C2228: “.asString”的左边必须有类/结构/联合
  Generating Code...
