  dllmain.cpp
  TaskTemplate.cpp
e:\versionbuild\microtaskplugin\include\TaskData.h(19): error C2146: 语法错误: 缺少“;”(在标识符“finish_url”的前面)
e:\versionbuild\microtaskplugin\include\TaskData.h(19): error C4430: 缺少类型说明符 - 假定为 int。注意: C++ 不支持默认 int
e:\versionbuild\microtaskplugin\include\TaskData.h(19): error C4430: 缺少类型说明符 - 假定为 int。注意: C++ 不支持默认 int
e:\versionbuild\microtaskplugin\include\TaskData.h(19): warning C4183: “finish_url”: 缺少返回类型；假定为返回“int”的成员函数
  TaskInterface.cpp
e:\versionbuild\microtaskplugin\include\TaskData.h(19): error C2146: 语法错误: 缺少“;”(在标识符“finish_url”的前面)
e:\versionbuild\microtaskplugin\include\TaskData.h(19): error C4430: 缺少类型说明符 - 假定为 int。注意: C++ 不支持默认 int
e:\versionbuild\microtaskplugin\include\TaskData.h(19): error C4430: 缺少类型说明符 - 假定为 int。注意: C++ 不支持默认 int
e:\versionbuild\microtaskplugin\include\TaskData.h(19): warning C4183: “finish_url”: 缺少返回类型；假定为返回“int”的成员函数
  TaskDataTemplate.cpp
e:\versionbuild\microtaskplugin\include/TaskData.h(19): error C2146: 语法错误: 缺少“;”(在标识符“finish_url”的前面)
e:\versionbuild\microtaskplugin\include/TaskData.h(19): error C4430: 缺少类型说明符 - 假定为 int。注意: C++ 不支持默认 int
e:\versionbuild\microtaskplugin\include/TaskData.h(19): error C4430: 缺少类型说明符 - 假定为 int。注意: C++ 不支持默认 int
e:\versionbuild\microtaskplugin\include/TaskData.h(19): warning C4183: “finish_url”: 缺少返回类型；假定为返回“int”的成员函数
  MicroTaskPlugin.cpp
e:\versionbuild\microtaskplugin\include\TaskData.h(19): error C2146: 语法错误: 缺少“;”(在标识符“finish_url”的前面)
e:\versionbuild\microtaskplugin\include\TaskData.h(19): error C4430: 缺少类型说明符 - 假定为 int。注意: C++ 不支持默认 int
e:\versionbuild\microtaskplugin\include\TaskData.h(19): error C4430: 缺少类型说明符 - 假定为 int。注意: C++ 不支持默认 int
e:\versionbuild\microtaskplugin\include\TaskData.h(19): warning C4183: “finish_url”: 缺少返回类型；假定为返回“int”的成员函数
  Generating Code...
