E:\VERSIONBUILD\BIN\DEBUG\X64\MICROTASKPLUGINS\MICROTASKPLUGIN.DLL
E:\VersionBuild\bin\Debug\x64\MicroTaskPlugins\MicroTaskPlugin.exp
E:\VERSIONBUILD\BIN\DEBUG\X64\MICROTASKPLUGINS\MICROTASKPLUGIN.ILK
E:\VersionBuild\bin\Debug\x64\MicroTaskPlugins\MicroTaskPlugin.lib
E:\VERSIONBUILD\BIN\DEBUG\X64\MICROTASKPLUGINS\MICROTASKPLUGIN.PDB
E:\VersionBuild\cache\MicroTaskPlugin\Debug\cl.command.1.tlog
E:\VersionBuild\cache\MicroTaskPlugin\Debug\CL.read.1.tlog
E:\VersionBuild\cache\MicroTaskPlugin\Debug\CL.write.1.tlog
E:\VERSIONBUILD\CACHE\MICROTASKPLUGIN\DEBUG\DLLMAIN.OBJ
E:\VersionBuild\cache\MicroTaskPlugin\Debug\link.13068.read.1.tlog
E:\VersionBuild\cache\MicroTaskPlugin\Debug\link.13068.write.1.tlog
E:\VersionBuild\cache\MicroTaskPlugin\Debug\link.13068-cvtres.read.1.tlog
E:\VersionBuild\cache\MicroTaskPlugin\Debug\link.13068-cvtres.write.1.tlog
E:\VersionBuild\cache\MicroTaskPlugin\Debug\link.command.1.tlog
E:\VersionBuild\cache\MicroTaskPlugin\Debug\link.read.1.tlog
E:\VersionBuild\cache\MicroTaskPlugin\Debug\link.write.1.tlog
E:\VersionBuild\cache\MicroTaskPlugin\Debug\link-cvtres.read.1.tlog
E:\VersionBuild\cache\MicroTaskPlugin\Debug\link-cvtres.write.1.tlog
E:\VERSIONBUILD\CACHE\MICROTASKPLUGIN\DEBUG\MICROTASKPLUGIN.DLL.EMBED.MANIFEST
E:\VERSIONBUILD\CACHE\MICROTASKPLUGIN\DEBUG\MICROTASKPLUGIN.DLL.EMBED.MANIFEST.RES
E:\VERSIONBUILD\CACHE\MICROTASKPLUGIN\DEBUG\MICROTASKPLUGIN.DLL.INTERMEDIATE.MANIFEST
E:\VERSIONBUILD\CACHE\MICROTASKPLUGIN\DEBUG\MICROTASKPLUGIN.OBJ
E:\VersionBuild\cache\MicroTaskPlugin\Debug\MicroTaskPlugin.write.1.tlog
E:\VersionBuild\cache\MicroTaskPlugin\Debug\MicroTaskPlugin_manifest.rc
E:\VersionBuild\cache\MicroTaskPlugin\Debug\mt.command.1.tlog
E:\VersionBuild\cache\MicroTaskPlugin\Debug\mt.read.1.tlog
E:\VersionBuild\cache\MicroTaskPlugin\Debug\mt.write.1.tlog
E:\VersionBuild\cache\MicroTaskPlugin\Debug\rc.command.1.tlog
E:\VersionBuild\cache\MicroTaskPlugin\Debug\rc.read.1.tlog
E:\VersionBuild\cache\MicroTaskPlugin\Debug\rc.write.1.tlog
E:\VERSIONBUILD\CACHE\MICROTASKPLUGIN\DEBUG\TASKDATATEMPLATE.OBJ
E:\VERSIONBUILD\CACHE\MICROTASKPLUGIN\DEBUG\TASKINTERFACE.OBJ
E:\VERSIONBUILD\CACHE\MICROTASKPLUGIN\DEBUG\TASKTEMPLATE.OBJ
E:\VersionBuild\cache\MicroTaskPlugin\Debug\vc100.idb
E:\VERSIONBUILD\CACHE\MICROTASKPLUGIN\DEBUG\VC100.PDB
