E:\VERSIONBUILD\BIN\DEBUG\X64\MICROSERVICEPLUGINS\6B59871E-274E-43AB-AB08-6CEDCD60CDD9\1\PLUGIN_SERVICESLAVESTORAGE.DLL
E:\VersionBuild\bin\Debug\x64\MicroServicePlugins\6b59871e-274e-43ab-ab08-6cedcd60cdd9\1\plugin_ServiceSlaveStorage.exp
E:\VersionBuild\bin\Debug\x64\MicroServicePlugins\6b59871e-274e-43ab-ab08-6cedcd60cdd9\1\plugin_ServiceSlaveStorage.lib
E:\VERSIONBUILD\BIN\DEBUG\X64\MICROSERVICEPLUGINS\6B59871E-274E-43AB-AB08-6CEDCD60CDD9\1\PLUGIN_SERVICESLAVESTORAGE.PDB
E:\VersionBuild\cache\ServiceSlaveStorage\Debug\cl.command.1.tlog
E:\VersionBuild\cache\ServiceSlaveStorage\Debug\CL.read.1.tlog
E:\VersionBuild\cache\ServiceSlaveStorage\Debug\CL.write.1.tlog
E:\VERSIONBUILD\CACHE\SERVICESLAVESTORAGE\DEBUG\COMMON.OBJ
E:\VERSIONBUILD\CACHE\SERVICESLAVESTORAGE\DEBUG\DLLMAIN.OBJ
E:\VERSIONBUILD\CACHE\SERVICESLAVESTORAGE\DEBUG\DOWNLOADBLOCK.OBJ
E:\VERSIONBUILD\CACHE\SERVICESLAVESTORAGE\DEBUG\HTTPREQUESTEXCEPTION.OBJ
E:\VersionBuild\cache\ServiceSlaveStorage\Debug\link.11056.read.1.tlog
E:\VersionBuild\cache\ServiceSlaveStorage\Debug\link.11056.write.1.tlog
E:\VersionBuild\cache\ServiceSlaveStorage\Debug\link.11056-cvtres.read.1.tlog
E:\VersionBuild\cache\ServiceSlaveStorage\Debug\link.11056-cvtres.write.1.tlog
E:\VersionBuild\cache\ServiceSlaveStorage\Debug\link.12740.read.1.tlog
E:\VersionBuild\cache\ServiceSlaveStorage\Debug\link.12740.write.1.tlog
E:\VersionBuild\cache\ServiceSlaveStorage\Debug\link.12740-cvtres.read.1.tlog
E:\VersionBuild\cache\ServiceSlaveStorage\Debug\link.12740-cvtres.write.1.tlog
E:\VersionBuild\cache\ServiceSlaveStorage\Debug\link.6480.read.1.tlog
E:\VersionBuild\cache\ServiceSlaveStorage\Debug\link.6480.write.1.tlog
E:\VersionBuild\cache\ServiceSlaveStorage\Debug\link.6480-cvtres.read.1.tlog
E:\VersionBuild\cache\ServiceSlaveStorage\Debug\link.6480-cvtres.write.1.tlog
E:\VersionBuild\cache\ServiceSlaveStorage\Debug\link.command.1.tlog
E:\VersionBuild\cache\ServiceSlaveStorage\Debug\link.read.1.tlog
E:\VersionBuild\cache\ServiceSlaveStorage\Debug\link.write.1.tlog
E:\VersionBuild\cache\ServiceSlaveStorage\Debug\mt.command.1.tlog
E:\VersionBuild\cache\ServiceSlaveStorage\Debug\mt.read.1.tlog
E:\VersionBuild\cache\ServiceSlaveStorage\Debug\mt.write.1.tlog
E:\VERSIONBUILD\CACHE\SERVICESLAVESTORAGE\DEBUG\PLUGIN_SERVICESLAVESTORAGE.DLL.EMBED.MANIFEST
E:\VERSIONBUILD\CACHE\SERVICESLAVESTORAGE\DEBUG\PLUGIN_SERVICESLAVESTORAGE.DLL.EMBED.MANIFEST.RES
E:\VERSIONBUILD\CACHE\SERVICESLAVESTORAGE\DEBUG\PLUGIN_SERVICESLAVESTORAGE.DLL.INTERMEDIATE.MANIFEST
E:\VersionBuild\cache\ServiceSlaveStorage\Debug\plugin_ServiceSlaveStorage_manifest.rc
E:\VersionBuild\cache\ServiceSlaveStorage\Debug\rc.command.1.tlog
E:\VersionBuild\cache\ServiceSlaveStorage\Debug\rc.read.1.tlog
E:\VersionBuild\cache\ServiceSlaveStorage\Debug\rc.write.1.tlog
E:\VERSIONBUILD\CACHE\SERVICESLAVESTORAGE\DEBUG\ROUTECALLBACKSET.OBJ
E:\VERSIONBUILD\CACHE\SERVICESLAVESTORAGE\DEBUG\SERVICESLAVESTORAGE.OBJ
E:\VersionBuild\cache\ServiceSlaveStorage\Debug\ServiceSlaveStorage.write.1.tlog
E:\VERSIONBUILD\CACHE\SERVICESLAVESTORAGE\DEBUG\STDAFX.OBJ
E:\VERSIONBUILD\CACHE\SERVICESLAVESTORAGE\DEBUG\SYSTEMCONFIG.OBJ
E:\VERSIONBUILD\CACHE\SERVICESLAVESTORAGE\DEBUG\UPLOADBLOCK.OBJ
E:\VersionBuild\cache\ServiceSlaveStorage\Debug\vc100.idb
E:\VERSIONBUILD\CACHE\SERVICESLAVESTORAGE\DEBUG\VC100.PDB
