E:\VERSIONBUILD\BIN\DEBUG\X64\MICROSERVICEPLUGINS\CC0E7465-9C6D-4802-8786-2BAFD9EF9FF4\1\PLUGIN_SERVICESLAVETASK.DLL
E:\VersionBuild\bin\Debug\x64\MicroServicePlugins\cc0e7465-9c6d-4802-8786-2bafd9ef9ff4\1\plugin_ServiceSlaveTask.exp
E:\VersionBuild\bin\Debug\x64\MicroServicePlugins\cc0e7465-9c6d-4802-8786-2bafd9ef9ff4\1\plugin_ServiceSlaveTask.ilk
E:\VersionBuild\bin\Debug\x64\MicroServicePlugins\cc0e7465-9c6d-4802-8786-2bafd9ef9ff4\1\plugin_ServiceSlaveTask.lib
E:\VERSIONBUILD\BIN\DEBUG\X64\MICROSERVICEPLUGINS\CC0E7465-9C6D-4802-8786-2BAFD9EF9FF4\1\PLUGIN_SERVICESLAVETASK.PDB
E:\VersionBuild\cache\ServiceSlaveTask\Debug\cl.command.1.tlog
E:\VersionBuild\cache\ServiceSlaveTask\Debug\CL.read.1.tlog
E:\VersionBuild\cache\ServiceSlaveTask\Debug\CL.write.1.tlog
E:\VERSIONBUILD\CACHE\SERVICESLAVETASK\DEBUG\COMMON.OBJ
E:\VERSIONBUILD\CACHE\SERVICESLAVETASK\DEBUG\DLLMAIN.OBJ
E:\VERSIONBUILD\CACHE\SERVICESLAVETASK\DEBUG\HTTPREQUESTEXCEPTION.OBJ
E:\VersionBuild\cache\ServiceSlaveTask\Debug\link.8356.read.1.tlog
E:\VersionBuild\cache\ServiceSlaveTask\Debug\link.8356.write.1.tlog
E:\VersionBuild\cache\ServiceSlaveTask\Debug\link.command.1.tlog
E:\VersionBuild\cache\ServiceSlaveTask\Debug\link.read.1.tlog
E:\VersionBuild\cache\ServiceSlaveTask\Debug\link.write.1.tlog
E:\VersionBuild\cache\ServiceSlaveTask\Debug\link-cvtres.read.1.tlog
E:\VersionBuild\cache\ServiceSlaveTask\Debug\link-cvtres.write.1.tlog
E:\VersionBuild\cache\ServiceSlaveTask\Debug\mt.command.1.tlog
E:\VersionBuild\cache\ServiceSlaveTask\Debug\mt.read.1.tlog
E:\VersionBuild\cache\ServiceSlaveTask\Debug\mt.write.1.tlog
E:\VERSIONBUILD\CACHE\SERVICESLAVETASK\DEBUG\PLUGIN_SERVICESLAVETASK.DLL.EMBED.MANIFEST
E:\VERSIONBUILD\CACHE\SERVICESLAVETASK\DEBUG\PLUGIN_SERVICESLAVETASK.DLL.EMBED.MANIFEST.RES
E:\VERSIONBUILD\CACHE\SERVICESLAVETASK\DEBUG\PLUGIN_SERVICESLAVETASK.DLL.INTERMEDIATE.MANIFEST
E:\VersionBuild\cache\ServiceSlaveTask\Debug\plugin_ServiceSlaveTask_manifest.rc
E:\VERSIONBUILD\CACHE\SERVICESLAVETASK\DEBUG\PLUGINCENTER.OBJ
E:\VERSIONBUILD\CACHE\SERVICESLAVETASK\DEBUG\PLUGINTASK.OBJ
E:\VERSIONBUILD\CACHE\SERVICESLAVETASK\DEBUG\PROCESSINGCENTER.OBJ
E:\VersionBuild\cache\ServiceSlaveTask\Debug\rc.command.1.tlog
E:\VersionBuild\cache\ServiceSlaveTask\Debug\rc.read.1.tlog
E:\VersionBuild\cache\ServiceSlaveTask\Debug\rc.write.1.tlog
E:\VERSIONBUILD\CACHE\SERVICESLAVETASK\DEBUG\ROUTECALLBACKSET.OBJ
E:\VERSIONBUILD\CACHE\SERVICESLAVETASK\DEBUG\SERVICESLAVETASK.OBJ
E:\VersionBuild\cache\ServiceSlaveTask\Debug\ServiceSlaveTask.write.1.tlog
E:\VERSIONBUILD\CACHE\SERVICESLAVETASK\DEBUG\STARTTASK.OBJ
E:\VERSIONBUILD\CACHE\SERVICESLAVETASK\DEBUG\STDAFX.OBJ
E:\VERSIONBUILD\CACHE\SERVICESLAVETASK\DEBUG\TASK.OBJ
E:\VERSIONBUILD\CACHE\SERVICESLAVETASK\DEBUG\TASKSERVER.OBJ
E:\VersionBuild\cache\ServiceSlaveTask\Debug\vc100.idb
E:\VERSIONBUILD\CACHE\SERVICESLAVETASK\DEBUG\VC100.PDB
