  ServiceTemplate.cpp
  MicroServicePlugin.cpp
  ServiceDataTemplate.cpp
ServiceDataTemplate.cpp(33): error C2679: 二进制“=”: 没有找到接受“std::map<_Kty,_Ty>”类型的右操作数的运算符(或没有可接受的转换)
          with
          [
              _Kty=int,
              _Ty=std::string
          ]
          C:\Program Files (x86)\Microsoft Visual Studio 10.0\VC\include\vector(599): 可能是“std::vector<_Ty> &std::vector<_Ty>::operator =(std::vector<_Ty> &&)”
          with
          [
              _Ty=std::string
          ]
          C:\Program Files (x86)\Microsoft Visual Studio 10.0\VC\include\vector(708): 或       “std::vector<_Ty> &std::vector<_Ty>::operator =(const std::vector<_Ty> &)”
          with
          [
              _Ty=std::string
          ]
          尝试匹配参数列表“(std::vector<_Ty>, std::map<_Kty,_Ty>)”时
          with
          [
              _Ty=std::string
          ]
          and
          [
              _Kty=int,
              _Ty=std::string
          ]
ServiceDataTemplate.cpp(53): error C2661: “std::vector<_Ty>::insert”: 没有重载函数接受 1 个参数
          with
          [
              _Ty=std::string
          ]
  Generating Code...
