E:\VERSIONBUILD\BIN\DEBUG\X64\MICROSERVICEPLUGINS\MICROSERVICEPLUGIN.DLL
E:\VersionBuild\bin\Debug\x64\MicroServicePlugins\MicroServicePlugin.pdb
E:\VERSIONBUILD\CACHE\MICROSERVICEPLUGIN\DEBUG\BUSINESS.OBJ
E:\VERSIONBUILD\CACHE\MICROSERVICEPLUGIN\DEBUG\BUSINESSFACTORY.OBJ
E:\VERSIONBUILD\CACHE\MICROSERVICEPLUGIN\DEBUG\BUSINESSFACTORYTPL.OBJ
E:\VersionBuild\cache\MicroServicePlugin\Debug\cl.command.1.tlog
E:\VersionBuild\cache\MicroServicePlugin\Debug\CL.read.1.tlog
E:\VersionBuild\cache\MicroServicePlugin\Debug\CL.write.1.tlog
E:\VersionBuild\cache\MicroServicePlugin\Debug\link.command.1.tlog
E:\VersionBuild\cache\MicroServicePlugin\Debug\link.read.1.tlog
E:\VersionBuild\cache\MicroServicePlugin\Debug\link.write.1.tlog
E:\VersionBuild\cache\MicroServicePlugin\Debug\MicroServicePlugin.dll.intermediate.manifest
E:\VERSIONBUILD\CACHE\MICROSERVICEPLUGIN\DEBUG\MICROSERVICEPLUGIN.OBJ
E:\VersionBuild\cache\MicroServicePlugin\Debug\MicroServicePlugin.write.1.tlog
E:\VersionBuild\cache\MicroServicePlugin\Debug\mt.command.1.tlog
E:\VersionBuild\cache\MicroServicePlugin\Debug\mt.read.1.tlog
E:\VersionBuild\cache\MicroServicePlugin\Debug\mt.write.1.tlog
E:\VERSIONBUILD\CACHE\MICROSERVICEPLUGIN\DEBUG\SERVICEINTERFACE.OBJ
E:\VERSIONBUILD\CACHE\MICROSERVICEPLUGIN\DEBUG\SERVICETEMPLATE.OBJ
E:\VersionBuild\cache\MicroServicePlugin\Debug\vc100.idb
E:\VERSIONBUILD\CACHE\MICROSERVICEPLUGIN\DEBUG\VC100.PDB
