  Moc'ing versionbuild.h...
  Rcc'ing versionbuild.qrc...
  Moc'ing dlgcreatepackagenamerule.h...
  Moc'ing http.h...
  Moc'ing dlgcreatebuildrule.h...
  Moc'ing servicelistener.h...
  Moc'ing dlgcreategit.h...
  Moc'ing dlgresourceselector.h...
  Moc'ing dlgcreateproduct.h...
  Moc'ing gittab.h...
  Moc'ing productstab.h...
  Moc'ing buttondelegate.h...
  Moc'ing hosttab.h...
  Moc'ing dlgcreatehost.h...
  Moc'ing dlgselecthost.h...
  Moc'ing dlgselectdepends.h...
  moc_buttondelegate.cpp
  moc_dlgcreatebuildrule.cpp
  moc_dlgcreategit.cpp
  moc_dlgcreatehost.cpp
  moc_dlgcreatepackagenamerule.cpp
  moc_dlgcreateproduct.cpp
  moc_dlgresourceselector.cpp
  moc_dlgselectdepends.cpp
  moc_dlgselecthost.cpp
  moc_gittab.cpp
  moc_hosttab.cpp
  moc_http.cpp
  moc_productstab.cpp
  moc_servicelistener.cpp
  moc_versionbuild.cpp
  qrc_versionbuild.cpp
  LINK : 没有找到 E:\VersionBuild\bin\Debug\x64\\VersionBuild.exe 或上一个增量链接没有生成它；正在执行完全链接
  VersionBuild.vcxproj -> E:\VersionBuild\bin\Debug\x64\VersionBuild.exe
