E:\VERSIONBUILD\BIN\DEBUG\X64\VERSIONBUILD.EXE
E:\VERSIONBUILD\BIN\DEBUG\X64\VERSIONBUILD.ILK
E:\VERSIONBUILD\BIN\DEBUG\X64\VERSIONBUILD.PDB
E:\VersionBuild\cache\VersionBuild\Debug\buttondelegate.obj
E:\VersionBuild\cache\VersionBuild\Debug\CL.10272.read.1.tlog
E:\VersionBuild\cache\VersionBuild\Debug\CL.10272.write.1.tlog
E:\VersionBuild\cache\VersionBuild\Debug\CL.1124.read.1.tlog
E:\VersionBuild\cache\VersionBuild\Debug\CL.1124.write.1.tlog
E:\VersionBuild\cache\VersionBuild\Debug\CL.12876.read.1.tlog
E:\VersionBuild\cache\VersionBuild\Debug\CL.12876.write.1.tlog
E:\VersionBuild\cache\VersionBuild\Debug\CL.13780.read.1.tlog
E:\VersionBuild\cache\VersionBuild\Debug\CL.13780.write.1.tlog
E:\VersionBuild\cache\VersionBuild\Debug\CL.15552.read.1.tlog
E:\VersionBuild\cache\VersionBuild\Debug\CL.15552.write.1.tlog
E:\VersionBuild\cache\VersionBuild\Debug\CL.16728.read.1.tlog
E:\VersionBuild\cache\VersionBuild\Debug\CL.16728.write.1.tlog
E:\VersionBuild\cache\VersionBuild\Debug\CL.6124.read.1.tlog
E:\VersionBuild\cache\VersionBuild\Debug\CL.6124.write.1.tlog
E:\VersionBuild\cache\VersionBuild\Debug\CL.9516.read.1.tlog
E:\VersionBuild\cache\VersionBuild\Debug\CL.9516.write.1.tlog
E:\VersionBuild\cache\VersionBuild\Debug\cl.command.1.tlog
E:\VersionBuild\cache\VersionBuild\Debug\CL.read.1.tlog
E:\VersionBuild\cache\VersionBuild\Debug\cl.write.1.tlog
E:\VersionBuild\cache\VersionBuild\Debug\Common.obj
E:\VersionBuild\cache\VersionBuild\Debug\custombuild.command.1.tlog
E:\VersionBuild\cache\VersionBuild\Debug\custombuild.read.1.tlog
E:\VersionBuild\cache\VersionBuild\Debug\custombuild.write.1.tlog
E:\VersionBuild\cache\VersionBuild\Debug\DB.obj
E:\VersionBuild\cache\VersionBuild\Debug\dlgcreatebuildrule.obj
E:\VersionBuild\cache\VersionBuild\Debug\dlgcreategit.obj
E:\VersionBuild\cache\VersionBuild\Debug\dlgcreatehost.obj
E:\VersionBuild\cache\VersionBuild\Debug\dlgcreatepackagenamerule.obj
E:\VersionBuild\cache\VersionBuild\Debug\dlgcreateproduct.obj
E:\VersionBuild\cache\VersionBuild\Debug\dlgresourceselector.obj
E:\VersionBuild\cache\VersionBuild\Debug\dlgselectdepends.obj
E:\VersionBuild\cache\VersionBuild\Debug\dlgselecthost.obj
E:\VersionBuild\cache\VersionBuild\Debug\gittab.obj
E:\VersionBuild\cache\VersionBuild\Debug\hosttab.obj
E:\VersionBuild\cache\VersionBuild\Debug\http.obj
E:\VersionBuild\cache\VersionBuild\Debug\link.command.1.tlog
E:\VersionBuild\cache\VersionBuild\Debug\link.read.1.tlog
E:\VersionBuild\cache\VersionBuild\Debug\link.write.1.tlog
E:\VersionBuild\cache\VersionBuild\Debug\main.obj
E:\VersionBuild\cache\VersionBuild\Debug\moc_buttondelegate.obj
E:\VersionBuild\cache\VersionBuild\Debug\moc_Common.obj
E:\VersionBuild\cache\VersionBuild\Debug\moc_DB.obj
E:\VersionBuild\cache\VersionBuild\Debug\moc_dlgcreatebuildrule.obj
E:\VersionBuild\cache\VersionBuild\Debug\moc_dlgcreategit.obj
E:\VersionBuild\cache\VersionBuild\Debug\moc_dlgcreatehost.obj
E:\VersionBuild\cache\VersionBuild\Debug\moc_dlgcreatepackagenamerule.obj
E:\VersionBuild\cache\VersionBuild\Debug\moc_dlgcreateproduct.obj
E:\VersionBuild\cache\VersionBuild\Debug\moc_dlgresourceselector.obj
E:\VersionBuild\cache\VersionBuild\Debug\moc_dlgselectdepends.obj
E:\VersionBuild\cache\VersionBuild\Debug\moc_dlgselecthost.obj
E:\VersionBuild\cache\VersionBuild\Debug\moc_gittab.obj
E:\VersionBuild\cache\VersionBuild\Debug\moc_hosttab.obj
E:\VersionBuild\cache\VersionBuild\Debug\moc_http.obj
E:\VersionBuild\cache\VersionBuild\Debug\moc_productstab.obj
E:\VersionBuild\cache\VersionBuild\Debug\moc_servicelistener.obj
E:\VersionBuild\cache\VersionBuild\Debug\moc_versionbuild.obj
E:\VersionBuild\cache\VersionBuild\Debug\mt.command.1.tlog
E:\VersionBuild\cache\VersionBuild\Debug\mt.read.1.tlog
E:\VersionBuild\cache\VersionBuild\Debug\mt.write.1.tlog
E:\VersionBuild\cache\VersionBuild\Debug\productstab.obj
E:\VERSIONBUILD\CACHE\VERSIONBUILD\DEBUG\QRC_VERSIONBUILD.OBJ
E:\VersionBuild\cache\VersionBuild\Debug\servicelistener.obj
E:\VERSIONBUILD\CACHE\VERSIONBUILD\DEBUG\VC100.PDB
E:\VERSIONBUILD\CACHE\VERSIONBUILD\DEBUG\VERSIONBUILD.EXE.INTERMEDIATE.MANIFEST
E:\VersionBuild\cache\VersionBuild\Debug\versionbuild.obj
E:\VERSIONBUILD\VERSIONBUILD\GENERATEDFILES\DEBUG\MOC_BUTTONDELEGATE.CPP
E:\VERSIONBUILD\VERSIONBUILD\GENERATEDFILES\DEBUG\MOC_COMMON.CPP
E:\VERSIONBUILD\VERSIONBUILD\GENERATEDFILES\DEBUG\MOC_DB.CPP
E:\VERSIONBUILD\VERSIONBUILD\GENERATEDFILES\DEBUG\MOC_DLGCREATEBUILDRULE.CPP
E:\VERSIONBUILD\VERSIONBUILD\GENERATEDFILES\DEBUG\MOC_DLGCREATEGIT.CPP
E:\VERSIONBUILD\VERSIONBUILD\GENERATEDFILES\DEBUG\MOC_DLGCREATEHOST.CPP
E:\VERSIONBUILD\VERSIONBUILD\GENERATEDFILES\DEBUG\MOC_DLGCREATEPACKAGENAMERULE.CPP
E:\VERSIONBUILD\VERSIONBUILD\GENERATEDFILES\DEBUG\MOC_DLGCREATEPRODUCT.CPP
E:\VERSIONBUILD\VERSIONBUILD\GENERATEDFILES\DEBUG\MOC_DLGRESOURCESELECTOR.CPP
E:\VERSIONBUILD\VERSIONBUILD\GENERATEDFILES\DEBUG\MOC_DLGSELECTDEPENDS.CPP
E:\VERSIONBUILD\VERSIONBUILD\GENERATEDFILES\DEBUG\MOC_DLGSELECTHOST.CPP
E:\VERSIONBUILD\VERSIONBUILD\GENERATEDFILES\DEBUG\MOC_GITTAB.CPP
E:\VERSIONBUILD\VERSIONBUILD\GENERATEDFILES\DEBUG\MOC_HOSTTAB.CPP
E:\VERSIONBUILD\VERSIONBUILD\GENERATEDFILES\DEBUG\MOC_HTTP.CPP
E:\VERSIONBUILD\VERSIONBUILD\GENERATEDFILES\DEBUG\MOC_PRODUCTSTAB.CPP
E:\VERSIONBUILD\VERSIONBUILD\GENERATEDFILES\DEBUG\MOC_SERVICELISTENER.CPP
E:\VERSIONBUILD\VERSIONBUILD\GENERATEDFILES\DEBUG\MOC_VERSIONBUILD.CPP
E:\VERSIONBUILD\VERSIONBUILD\GENERATEDFILES\QRC_VERSIONBUILD.CPP
