E:\VERSIONBUILD\BIN\DEBUG\X64\MICROSERVICEPLUGINS\E2CB8547-7AA0-4FE0-BAD0-0F974D9270C6\1\PLUGIN_SERVICESOURCECODE.DLL
E:\VersionBuild\bin\Debug\x64\MicroServicePlugins\e2cb8547-7aa0-4fe0-bad0-0f974d9270c6\1\plugin_ServiceSourceCode.exp
E:\VersionBuild\bin\Debug\x64\MicroServicePlugins\e2cb8547-7aa0-4fe0-bad0-0f974d9270c6\1\plugin_ServiceSourceCode.lib
E:\VERSIONBUILD\BIN\DEBUG\X64\MICROSERVICEPLUGINS\E2CB8547-7AA0-4FE0-BAD0-0F974D9270C6\1\PLUGIN_SERVICESOURCECODE.PDB
E:\VERSIONBUILD\CACHE\SERVICESOURCECODE\DEBUG\BUILDRESULT.OBJ
E:\VERSIONBUILD\CACHE\SERVICESOURCECODE\DEBUG\BUILDRULE.OBJ
E:\VERSIONBUILD\CACHE\SERVICESOURCECODE\DEBUG\BUILDRULE_DEPEND.OBJ
E:\VERSIONBUILD\CACHE\SERVICESOURCECODE\DEBUG\BUILDRULE_DEPLOY.OBJ
E:\VersionBuild\cache\ServiceSourceCode\Debug\cl.command.1.tlog
E:\VersionBuild\cache\ServiceSourceCode\Debug\CL.read.1.tlog
E:\VersionBuild\cache\ServiceSourceCode\Debug\CL.write.1.tlog
E:\VERSIONBUILD\CACHE\SERVICESOURCECODE\DEBUG\COMMON.OBJ
E:\VERSIONBUILD\CACHE\SERVICESOURCECODE\DEBUG\DATABASE.OBJ
E:\VERSIONBUILD\CACHE\SERVICESOURCECODE\DEBUG\DLLMAIN.OBJ
E:\VERSIONBUILD\CACHE\SERVICESOURCECODE\DEBUG\HTTPCLIENT.OBJ
E:\VERSIONBUILD\CACHE\SERVICESOURCECODE\DEBUG\HTTPREQUESTEXCEPTION.OBJ
E:\VersionBuild\cache\ServiceSourceCode\Debug\link.3460.read.1.tlog
E:\VersionBuild\cache\ServiceSourceCode\Debug\link.3460.write.1.tlog
E:\VersionBuild\cache\ServiceSourceCode\Debug\link.3460-cvtres.read.1.tlog
E:\VersionBuild\cache\ServiceSourceCode\Debug\link.3460-cvtres.write.1.tlog
E:\VersionBuild\cache\ServiceSourceCode\Debug\link.4504.read.1.tlog
E:\VersionBuild\cache\ServiceSourceCode\Debug\link.4504.write.1.tlog
E:\VersionBuild\cache\ServiceSourceCode\Debug\link.4504-cvtres.read.1.tlog
E:\VersionBuild\cache\ServiceSourceCode\Debug\link.4504-cvtres.write.1.tlog
E:\VersionBuild\cache\ServiceSourceCode\Debug\link.5616.read.1.tlog
E:\VersionBuild\cache\ServiceSourceCode\Debug\link.5616.write.1.tlog
E:\VersionBuild\cache\ServiceSourceCode\Debug\link.5616-cvtres.read.1.tlog
E:\VersionBuild\cache\ServiceSourceCode\Debug\link.5616-cvtres.write.1.tlog
E:\VersionBuild\cache\ServiceSourceCode\Debug\link.command.1.tlog
E:\VersionBuild\cache\ServiceSourceCode\Debug\link.read.1.tlog
E:\VersionBuild\cache\ServiceSourceCode\Debug\link.write.1.tlog
E:\VersionBuild\cache\ServiceSourceCode\Debug\mt.command.1.tlog
E:\VersionBuild\cache\ServiceSourceCode\Debug\mt.read.1.tlog
E:\VersionBuild\cache\ServiceSourceCode\Debug\mt.write.1.tlog
E:\VERSIONBUILD\CACHE\SERVICESOURCECODE\DEBUG\PLUGIN_SERVICESOURCECODE.DLL.EMBED.MANIFEST
E:\VERSIONBUILD\CACHE\SERVICESOURCECODE\DEBUG\PLUGIN_SERVICESOURCECODE.DLL.EMBED.MANIFEST.RES
E:\VERSIONBUILD\CACHE\SERVICESOURCECODE\DEBUG\PLUGIN_SERVICESOURCECODE.DLL.INTERMEDIATE.MANIFEST
E:\VersionBuild\cache\ServiceSourceCode\Debug\plugin_ServiceSourceCode_manifest.rc
E:\VersionBuild\cache\ServiceSourceCode\Debug\rc.command.1.tlog
E:\VersionBuild\cache\ServiceSourceCode\Debug\rc.read.1.tlog
E:\VersionBuild\cache\ServiceSourceCode\Debug\rc.write.1.tlog
E:\VERSIONBUILD\CACHE\SERVICESOURCECODE\DEBUG\RESOURCE.OBJ
E:\VERSIONBUILD\CACHE\SERVICESOURCECODE\DEBUG\RESOURCE_COMPRESSIONPACKAGE.OBJ
E:\VERSIONBUILD\CACHE\SERVICESOURCECODE\DEBUG\RESOURCE_DOCUMENT.OBJ
E:\VERSIONBUILD\CACHE\SERVICESOURCECODE\DEBUG\RESOURCE_HOST.OBJ
E:\VERSIONBUILD\CACHE\SERVICESOURCECODE\DEBUG\RESOURCE_SOURCECODE.OBJ
E:\VERSIONBUILD\CACHE\SERVICESOURCECODE\DEBUG\ROUTECALLBACKSET.OBJ
E:\VERSIONBUILD\CACHE\SERVICESOURCECODE\DEBUG\SERVICESOURCECODE.OBJ
E:\VersionBuild\cache\ServiceSourceCode\Debug\ServiceSourceCode.write.1.tlog
E:\VERSIONBUILD\CACHE\SERVICESOURCECODE\DEBUG\SOURCECODE_DEPLOY.OBJ
E:\VERSIONBUILD\CACHE\SERVICESOURCECODE\DEBUG\SOURCECODEBUILD.OBJ
E:\VERSIONBUILD\CACHE\SERVICESOURCECODE\DEBUG\SOURCECODECREATE.OBJ
E:\VERSIONBUILD\CACHE\SERVICESOURCECODE\DEBUG\SOURCECODEDELETE.OBJ
E:\VERSIONBUILD\CACHE\SERVICESOURCECODE\DEBUG\SOURCECODEDEPLOY.OBJ
E:\VERSIONBUILD\CACHE\SERVICESOURCECODE\DEBUG\SOURCECODEMODIFY.OBJ
E:\VERSIONBUILD\CACHE\SERVICESOURCECODE\DEBUG\SOURCECODEQUERY.OBJ
E:\VERSIONBUILD\CACHE\SERVICESOURCECODE\DEBUG\STDAFX.OBJ
E:\VERSIONBUILD\CACHE\SERVICESOURCECODE\DEBUG\STORAGE.OBJ
E:\VERSIONBUILD\CACHE\SERVICESOURCECODE\DEBUG\SYSTEMCONFIG.OBJ
E:\VersionBuild\cache\ServiceSourceCode\Debug\vc100.idb
E:\VERSIONBUILD\CACHE\SERVICESOURCECODE\DEBUG\VC100.PDB
