E:\VERSIONBUILD\BIN\DEBUG\X64\MICROSERVICEPLUGINS\SERVICESOURCECODE.DLL
E:\VersionBuild\bin\Debug\x64\MicroServicePlugins\ServiceSourceCode.exp
E:\VersionBuild\bin\Debug\x64\MicroServicePlugins\ServiceSourceCode.lib
E:\VERSIONBUILD\BIN\DEBUG\X64\MICROSERVICEPLUGINS\SERVICESOURCECODE.PDB
E:\VERSIONBUILD\CACHE\SERVICESOURCECODE\DEBUG\BUILDRESULT.OBJ
E:\VERSIONBUILD\CACHE\SERVICESOURCECODE\DEBUG\BUILDRULE.OBJ
E:\VERSIONBUILD\CACHE\SERVICESOURCECODE\DEBUG\BUILDRULE_DEPEND.OBJ
E:\VERSIONBUILD\CACHE\SERVICESOURCECODE\DEBUG\BUILDRULE_DEPLOY.OBJ
E:\VersionBuild\cache\ServiceSourceCode\Debug\cl.command.1.tlog
E:\VersionBuild\cache\ServiceSourceCode\Debug\CL.read.1.tlog
E:\VersionBuild\cache\ServiceSourceCode\Debug\CL.write.1.tlog
E:\VERSIONBUILD\CACHE\SERVICESOURCECODE\DEBUG\COMMON.OBJ
E:\VERSIONBUILD\CACHE\SERVICESOURCECODE\DEBUG\DATABASE.OBJ
E:\VERSIONBUILD\CACHE\SERVICESOURCECODE\DEBUG\DLLMAIN.OBJ
E:\VERSIONBUILD\CACHE\SERVICESOURCECODE\DEBUG\HTTPCLIENT.OBJ
E:\VERSIONBUILD\CACHE\SERVICESOURCECODE\DEBUG\HTTPREQUESTEXCEPTION.OBJ
E:\VersionBuild\cache\ServiceSourceCode\Debug\link.13168.read.1.tlog
E:\VersionBuild\cache\ServiceSourceCode\Debug\link.13168.write.1.tlog
E:\VersionBuild\cache\ServiceSourceCode\Debug\link.13168-cvtres.read.1.tlog
E:\VersionBuild\cache\ServiceSourceCode\Debug\link.13168-cvtres.write.1.tlog
E:\VersionBuild\cache\ServiceSourceCode\Debug\link.13704.read.1.tlog
E:\VersionBuild\cache\ServiceSourceCode\Debug\link.13704.write.1.tlog
E:\VersionBuild\cache\ServiceSourceCode\Debug\link.17376.read.1.tlog
E:\VersionBuild\cache\ServiceSourceCode\Debug\link.17376.write.1.tlog
E:\VersionBuild\cache\ServiceSourceCode\Debug\link.17376-cvtres.read.1.tlog
E:\VersionBuild\cache\ServiceSourceCode\Debug\link.17376-cvtres.write.1.tlog
E:\VersionBuild\cache\ServiceSourceCode\Debug\link.command.1.tlog
E:\VersionBuild\cache\ServiceSourceCode\Debug\link.read.1.tlog
E:\VersionBuild\cache\ServiceSourceCode\Debug\link.write.1.tlog
E:\VersionBuild\cache\ServiceSourceCode\Debug\mt.command.1.tlog
E:\VersionBuild\cache\ServiceSourceCode\Debug\mt.read.1.tlog
E:\VersionBuild\cache\ServiceSourceCode\Debug\mt.write.1.tlog
E:\VersionBuild\cache\ServiceSourceCode\Debug\rc.command.1.tlog
E:\VersionBuild\cache\ServiceSourceCode\Debug\rc.read.1.tlog
E:\VersionBuild\cache\ServiceSourceCode\Debug\rc.write.1.tlog
E:\VERSIONBUILD\CACHE\SERVICESOURCECODE\DEBUG\RESOURCE.OBJ
E:\VERSIONBUILD\CACHE\SERVICESOURCECODE\DEBUG\RESOURCE_COMPRESSIONPACKAGE.OBJ
E:\VERSIONBUILD\CACHE\SERVICESOURCECODE\DEBUG\RESOURCE_DOCUMENT.OBJ
E:\VERSIONBUILD\CACHE\SERVICESOURCECODE\DEBUG\RESOURCE_HOST.OBJ
E:\VERSIONBUILD\CACHE\SERVICESOURCECODE\DEBUG\RESOURCE_SOURCECODE.OBJ
E:\VERSIONBUILD\CACHE\SERVICESOURCECODE\DEBUG\ROUTECALLBACKSET.OBJ
E:\VERSIONBUILD\CACHE\SERVICESOURCECODE\DEBUG\SERVICESOURCECODE.DLL.EMBED.MANIFEST
E:\VERSIONBUILD\CACHE\SERVICESOURCECODE\DEBUG\SERVICESOURCECODE.DLL.EMBED.MANIFEST.RES
E:\VERSIONBUILD\CACHE\SERVICESOURCECODE\DEBUG\SERVICESOURCECODE.DLL.INTERMEDIATE.MANIFEST
E:\VersionBuild\cache\ServiceSourceCode\Debug\ServiceSourceCode.write.1.tlog
E:\VersionBuild\cache\ServiceSourceCode\Debug\ServiceSourceCode_manifest.rc
E:\VERSIONBUILD\CACHE\SERVICESOURCECODE\DEBUG\SOURCECODE_DEPLOY.OBJ
E:\VERSIONBUILD\CACHE\SERVICESOURCECODE\DEBUG\SOURCECODEBUILD.OBJ
E:\VERSIONBUILD\CACHE\SERVICESOURCECODE\DEBUG\SOURCECODECREATE.OBJ
E:\VERSIONBUILD\CACHE\SERVICESOURCECODE\DEBUG\SOURCECODEDELETE.OBJ
E:\VERSIONBUILD\CACHE\SERVICESOURCECODE\DEBUG\SOURCECODEDEPLOY.OBJ
E:\VERSIONBUILD\CACHE\SERVICESOURCECODE\DEBUG\SOURCECODEMODIFY.OBJ
E:\VERSIONBUILD\CACHE\SERVICESOURCECODE\DEBUG\SOURCECODEQUERY.OBJ
E:\VERSIONBUILD\CACHE\SERVICESOURCECODE\DEBUG\STDAFX.OBJ
E:\VERSIONBUILD\CACHE\SERVICESOURCECODE\DEBUG\STORAGE.OBJ
E:\VERSIONBUILD\CACHE\SERVICESOURCECODE\DEBUG\SYSTEMCONFIG.OBJ
E:\VersionBuild\cache\ServiceSourceCode\Debug\vc100.idb
E:\VERSIONBUILD\CACHE\SERVICESOURCECODE\DEBUG\VC100.PDB
